2020-09-15T11:43:18+00:00 CRITICAL Uncaught Error: Class 'ElementsKit\Modules\Header_Footer\Theme_Hooks\Theme_Support' not found in /var/www/html/wp-content/plugins/elementskit-lite/modules/header-footer/activator.php:60
Stack trace:
#0 /var/www/html/wp-includes/class-wp-hook.php(287): ElementsKit\Modules\Header_Footer\Activator->hooks()
#1 /var/www/html/wp-includes/class-wp-hook.php(311): WP_Hook->apply_filters()
#2 /var/www/html/wp-includes/plugin.php(544): WP_Hook->do_action()
#3 /var/www/html/wp-includes/class-wp.php(758): do_action_ref_array()
#4 /var/www/html/wp-includes/functions.php(1285): WP->main()
#5 /var/www/html/wp-blog-header.php(16): wp()
#6 /var/www/html/index.php(17): require('/var/www/html/w...')
#7 {main}
  thrown in /var/www/html/wp-content/plugins/elementskit-lite/modules/header-footer/activator.php on line 60

2020-09-15T11:43:18+00:00 CRITICAL Uncaught Error: Class 'ElementsKit\Modules\Header_Footer\Theme_Hooks\Theme_Support' not found in /var/www/html/wp-content/plugins/elementskit-lite/modules/header-footer/activator.php:60
Stack trace:
#0 /var/www/html/wp-includes/class-wp-hook.php(287): ElementsKit\Modules\Header_Footer\Activator->hooks()
#1 /var/www/html/wp-includes/class-wp-hook.php(311): WP_Hook->apply_filters()
#2 /var/www/html/wp-includes/plugin.php(544): WP_Hook->do_action()
#3 /var/www/html/wp-includes/class-wp.php(758): do_action_ref_array()
#4 /var/www/html/wp-includes/functions.php(1285): WP->main()
#5 /var/www/html/wp-blog-header.php(16): wp()
#6 /var/www/html/index.php(17): require('/var/www/html/w...')
#7 {main}
  thrown in /var/www/html/wp-content/plugins/elementskit-lite/modules/header-footer/activator.php on line 60

