2020-04-27T04:06:25+00:00 CRITICAL Allowed memory size of 134217728 bytes exhausted (tried to allocate 761856 bytes) in /home/stylecabbie/public_html/wp-includes/wp-db.php on line 1995

2020-04-27T04:06:31+00:00 CRITICAL Allowed memory size of 134217728 bytes exhausted (tried to allocate 761856 bytes) in /home/stylecabbie/public_html/wp-includes/wp-db.php on line 1995

2020-04-27T04:06:51+00:00 CRITICAL Allowed memory size of 134217728 bytes exhausted (tried to allocate 761856 bytes) in /home/stylecabbie/public_html/wp-includes/wp-db.php on line 1995

2020-04-27T04:06:54+00:00 CRITICAL Allowed memory size of 134217728 bytes exhausted (tried to allocate 761856 bytes) in /home/stylecabbie/public_html/wp-includes/wp-db.php on line 1995

2020-04-27T04:07:09+00:00 CRITICAL Allowed memory size of 134217728 bytes exhausted (tried to allocate 761856 bytes) in /home/stylecabbie/public_html/wp-includes/wp-db.php on line 1995

2020-04-27T04:07:12+00:00 CRITICAL Allowed memory size of 134217728 bytes exhausted (tried to allocate 761856 bytes) in /home/stylecabbie/public_html/wp-includes/wp-db.php on line 1995

2020-04-27T04:07:38+00:00 CRITICAL Allowed memory size of 134217728 bytes exhausted (tried to allocate 761856 bytes) in /home/stylecabbie/public_html/wp-includes/wp-db.php on line 1995

2020-04-27T04:08:22+00:00 CRITICAL Allowed memory size of 134217728 bytes exhausted (tried to allocate 761856 bytes) in /home/stylecabbie/public_html/wp-includes/wp-db.php on line 1995

2020-04-27T04:08:22+00:00 CRITICAL Allowed memory size of 134217728 bytes exhausted (tried to allocate 761856 bytes) in /home/stylecabbie/public_html/wp-includes/wp-db.php on line 1995

2020-04-27T04:18:44+00:00 CRITICAL Allowed memory size of 134217728 bytes exhausted (tried to allocate 761856 bytes) in /home/stylecabbie/public_html/wp-includes/wp-db.php on line 1995

2020-04-27T04:18:44+00:00 CRITICAL Allowed memory size of 134217728 bytes exhausted (tried to allocate 761856 bytes) in /home/stylecabbie/public_html/wp-includes/wp-db.php on line 1995

2020-04-27T04:18:44+00:00 CRITICAL Allowed memory size of 134217728 bytes exhausted (tried to allocate 761856 bytes) in /home/stylecabbie/public_html/wp-includes/wp-db.php on line 1995

2020-04-27T04:19:05+00:00 CRITICAL Allowed memory size of 134217728 bytes exhausted (tried to allocate 761856 bytes) in /home/stylecabbie/public_html/wp-includes/wp-db.php on line 1995

2020-04-27T04:19:18+00:00 CRITICAL Allowed memory size of 134217728 bytes exhausted (tried to allocate 761856 bytes) in /home/stylecabbie/public_html/wp-includes/wp-db.php on line 1995

2020-04-27T04:19:41+00:00 CRITICAL Allowed memory size of 134217728 bytes exhausted (tried to allocate 761856 bytes) in /home/stylecabbie/public_html/wp-includes/wp-db.php on line 1995

2020-04-27T04:19:43+00:00 CRITICAL Allowed memory size of 134217728 bytes exhausted (tried to allocate 761856 bytes) in /home/stylecabbie/public_html/wp-includes/wp-db.php on line 1995

2020-04-27T04:19:53+00:00 CRITICAL Allowed memory size of 134217728 bytes exhausted (tried to allocate 761856 bytes) in /home/stylecabbie/public_html/wp-includes/wp-db.php on line 1995

2020-04-27T04:20:22+00:00 CRITICAL Allowed memory size of 134217728 bytes exhausted (tried to allocate 761856 bytes) in /home/stylecabbie/public_html/wp-includes/wp-db.php on line 1995

2020-04-27T04:20:26+00:00 CRITICAL Allowed memory size of 134217728 bytes exhausted (tried to allocate 761856 bytes) in /home/stylecabbie/public_html/wp-includes/wp-db.php on line 1995

2020-04-27T04:20:37+00:00 CRITICAL Allowed memory size of 134217728 bytes exhausted (tried to allocate 761856 bytes) in /home/stylecabbie/public_html/wp-includes/wp-db.php on line 1995

2020-04-27T04:20:50+00:00 CRITICAL Allowed memory size of 134217728 bytes exhausted (tried to allocate 761856 bytes) in /home/stylecabbie/public_html/wp-includes/wp-db.php on line 1995

2020-04-27T04:20:57+00:00 CRITICAL Allowed memory size of 134217728 bytes exhausted (tried to allocate 761856 bytes) in /home/stylecabbie/public_html/wp-includes/wp-db.php on line 1995

2020-04-27T04:21:58+00:00 CRITICAL Allowed memory size of 134217728 bytes exhausted (tried to allocate 761856 bytes) in /home/stylecabbie/public_html/wp-includes/wp-db.php on line 1995

2020-04-27T04:22:07+00:00 CRITICAL Allowed memory size of 134217728 bytes exhausted (tried to allocate 761856 bytes) in /home/stylecabbie/public_html/wp-includes/wp-db.php on line 1995

2020-04-27T04:22:17+00:00 CRITICAL Allowed memory size of 134217728 bytes exhausted (tried to allocate 761856 bytes) in /home/stylecabbie/public_html/wp-includes/wp-db.php on line 1995

2020-04-27T04:22:20+00:00 CRITICAL Allowed memory size of 134217728 bytes exhausted (tried to allocate 761856 bytes) in /home/stylecabbie/public_html/wp-includes/wp-db.php on line 1995

2020-04-27T04:22:31+00:00 CRITICAL Allowed memory size of 134217728 bytes exhausted (tried to allocate 761856 bytes) in /home/stylecabbie/public_html/wp-includes/wp-db.php on line 1995

2020-04-27T04:22:35+00:00 CRITICAL Allowed memory size of 134217728 bytes exhausted (tried to allocate 761856 bytes) in /home/stylecabbie/public_html/wp-includes/wp-db.php on line 1995

2020-04-27T04:22:56+00:00 CRITICAL Allowed memory size of 134217728 bytes exhausted (tried to allocate 757760 bytes) in /home/stylecabbie/public_html/wp-includes/functions.php on line 578

2020-04-27T04:27:25+00:00 CRITICAL Allowed memory size of 134217728 bytes exhausted (tried to allocate 761856 bytes) in /home/stylecabbie/public_html/wp-includes/wp-db.php on line 1995

2020-04-27T04:28:26+00:00 CRITICAL Allowed memory size of 134217728 bytes exhausted (tried to allocate 761856 bytes) in /home/stylecabbie/public_html/wp-includes/wp-db.php on line 1995

2020-04-27T04:29:25+00:00 CRITICAL Allowed memory size of 134217728 bytes exhausted (tried to allocate 761856 bytes) in /home/stylecabbie/public_html/wp-includes/wp-db.php on line 1995

2020-04-27T04:29:29+00:00 CRITICAL Allowed memory size of 134217728 bytes exhausted (tried to allocate 761856 bytes) in /home/stylecabbie/public_html/wp-includes/wp-db.php on line 1995

2020-04-27T04:29:33+00:00 CRITICAL Allowed memory size of 134217728 bytes exhausted (tried to allocate 761856 bytes) in /home/stylecabbie/public_html/wp-includes/wp-db.php on line 1995

2020-04-27T04:29:36+00:00 CRITICAL Allowed memory size of 134217728 bytes exhausted (tried to allocate 761856 bytes) in /home/stylecabbie/public_html/wp-includes/wp-db.php on line 1995

2020-04-27T04:29:40+00:00 CRITICAL Allowed memory size of 134217728 bytes exhausted (tried to allocate 761856 bytes) in /home/stylecabbie/public_html/wp-includes/wp-db.php on line 1995

2020-04-27T04:29:42+00:00 CRITICAL Allowed memory size of 134217728 bytes exhausted (tried to allocate 761856 bytes) in /home/stylecabbie/public_html/wp-includes/wp-db.php on line 1995

2020-04-27T04:29:45+00:00 CRITICAL Allowed memory size of 134217728 bytes exhausted (tried to allocate 761856 bytes) in /home/stylecabbie/public_html/wp-includes/wp-db.php on line 1995

2020-04-27T04:30:26+00:00 CRITICAL Allowed memory size of 134217728 bytes exhausted (tried to allocate 761856 bytes) in /home/stylecabbie/public_html/wp-includes/wp-db.php on line 2030

2020-04-27T04:39:23+00:00 CRITICAL Allowed memory size of 134217728 bytes exhausted (tried to allocate 761856 bytes) in /home/stylecabbie/public_html/wp-includes/wp-db.php on line 1995

2020-04-27T04:39:25+00:00 CRITICAL Allowed memory size of 134217728 bytes exhausted (tried to allocate 761856 bytes) in /home/stylecabbie/public_html/wp-includes/wp-db.php on line 1995

2020-04-27T04:44:15+00:00 CRITICAL Allowed memory size of 134217728 bytes exhausted (tried to allocate 761856 bytes) in /home/stylecabbie/public_html/wp-includes/wp-db.php on line 1995

2020-04-27T04:44:20+00:00 CRITICAL Allowed memory size of 134217728 bytes exhausted (tried to allocate 761856 bytes) in /home/stylecabbie/public_html/wp-includes/wp-db.php on line 1995

2020-04-27T04:44:27+00:00 CRITICAL Allowed memory size of 134217728 bytes exhausted (tried to allocate 761856 bytes) in /home/stylecabbie/public_html/wp-includes/wp-db.php on line 1995

2020-04-27T04:44:32+00:00 CRITICAL Allowed memory size of 134217728 bytes exhausted (tried to allocate 761856 bytes) in /home/stylecabbie/public_html/wp-includes/wp-db.php on line 1995

2020-04-27T04:44:35+00:00 CRITICAL Allowed memory size of 134217728 bytes exhausted (tried to allocate 761856 bytes) in /home/stylecabbie/public_html/wp-includes/wp-db.php on line 1995

2020-04-27T04:44:36+00:00 CRITICAL Allowed memory size of 134217728 bytes exhausted (tried to allocate 761856 bytes) in /home/stylecabbie/public_html/wp-includes/wp-db.php on line 1995

2020-04-27T04:44:37+00:00 CRITICAL Allowed memory size of 134217728 bytes exhausted (tried to allocate 761856 bytes) in /home/stylecabbie/public_html/wp-includes/wp-db.php on line 1995

2020-04-27T04:44:38+00:00 CRITICAL Allowed memory size of 134217728 bytes exhausted (tried to allocate 761856 bytes) in /home/stylecabbie/public_html/wp-includes/wp-db.php on line 1995

2020-04-27T04:44:39+00:00 CRITICAL Allowed memory size of 134217728 bytes exhausted (tried to allocate 761856 bytes) in /home/stylecabbie/public_html/wp-includes/wp-db.php on line 1995

2020-04-27T04:44:40+00:00 CRITICAL Allowed memory size of 134217728 bytes exhausted (tried to allocate 761856 bytes) in /home/stylecabbie/public_html/wp-includes/wp-db.php on line 1995

2020-04-27T04:46:35+00:00 CRITICAL Allowed memory size of 134217728 bytes exhausted (tried to allocate 761856 bytes) in /home/stylecabbie/public_html/wp-includes/wp-db.php on line 2030

2020-04-27T04:47:12+00:00 CRITICAL Allowed memory size of 134217728 bytes exhausted (tried to allocate 761856 bytes) in /home/stylecabbie/public_html/wp-includes/wp-db.php on line 1995

2020-04-27T04:47:17+00:00 CRITICAL Allowed memory size of 134217728 bytes exhausted (tried to allocate 761856 bytes) in /home/stylecabbie/public_html/wp-includes/wp-db.php on line 1995

2020-04-27T04:47:20+00:00 CRITICAL Allowed memory size of 134217728 bytes exhausted (tried to allocate 761856 bytes) in /home/stylecabbie/public_html/wp-includes/wp-db.php on line 1995

2020-04-27T04:47:21+00:00 CRITICAL Allowed memory size of 134217728 bytes exhausted (tried to allocate 761856 bytes) in /home/stylecabbie/public_html/wp-includes/wp-db.php on line 1995

2020-04-27T04:47:36+00:00 CRITICAL Allowed memory size of 134217728 bytes exhausted (tried to allocate 761856 bytes) in /home/stylecabbie/public_html/wp-includes/wp-db.php on line 2030

2020-04-27T04:48:22+00:00 CRITICAL Allowed memory size of 134217728 bytes exhausted (tried to allocate 761856 bytes) in /home/stylecabbie/public_html/wp-includes/wp-db.php on line 1995

2020-04-27T04:48:22+00:00 CRITICAL Allowed memory size of 134217728 bytes exhausted (tried to allocate 761856 bytes) in /home/stylecabbie/public_html/wp-includes/wp-db.php on line 1995

2020-04-27T04:48:27+00:00 CRITICAL Allowed memory size of 134217728 bytes exhausted (tried to allocate 761856 bytes) in /home/stylecabbie/public_html/wp-includes/wp-db.php on line 1995

2020-04-27T04:48:27+00:00 CRITICAL Allowed memory size of 134217728 bytes exhausted (tried to allocate 761856 bytes) in /home/stylecabbie/public_html/wp-includes/wp-db.php on line 1995

2020-04-27T04:48:47+00:00 CRITICAL Allowed memory size of 134217728 bytes exhausted (tried to allocate 761856 bytes) in /home/stylecabbie/public_html/wp-includes/wp-db.php on line 1995

2020-04-27T04:48:54+00:00 CRITICAL Allowed memory size of 134217728 bytes exhausted (tried to allocate 761856 bytes) in /home/stylecabbie/public_html/wp-includes/wp-db.php on line 1995

2020-04-27T04:49:01+00:00 CRITICAL Allowed memory size of 134217728 bytes exhausted (tried to allocate 761856 bytes) in /home/stylecabbie/public_html/wp-includes/wp-db.php on line 2030

2020-04-27T04:49:10+00:00 CRITICAL Allowed memory size of 134217728 bytes exhausted (tried to allocate 761856 bytes) in /home/stylecabbie/public_html/wp-includes/wp-db.php on line 1995

2020-04-27T04:49:19+00:00 CRITICAL Allowed memory size of 134217728 bytes exhausted (tried to allocate 761856 bytes) in /home/stylecabbie/public_html/wp-includes/wp-db.php on line 1995

2020-04-27T04:50:09+00:00 CRITICAL Allowed memory size of 134217728 bytes exhausted (tried to allocate 761856 bytes) in /home/stylecabbie/public_html/wp-includes/wp-db.php on line 1995

2020-04-27T06:32:56+00:00 CRITICAL Uncaught Error: Cannot use object of type WP_Error as array in /home/stylecabbie/public_html/wp-content/plugins/woobox-api/includes/api/v1/class.woobox.api.wishlist.route.php:84
Stack trace:
#0 /home/stylecabbie/public_html/wp-includes/rest-api/class-wp-rest-server.php(946): woobox_get_wishlist(Object(WP_REST_Request))
#1 /home/stylecabbie/public_html/wp-includes/rest-api/class-wp-rest-server.php(329): WP_REST_Server->dispatch(Object(WP_REST_Request))
#2 /home/stylecabbie/public_html/wp-includes/rest-api.php(305): WP_REST_Server->serve_request('/woobox-api/api...')
#3 /home/stylecabbie/public_html/wp-includes/class-wp-hook.php(288): rest_api_loaded(Object(WP))
#4 /home/stylecabbie/public_html/wp-includes/class-wp-hook.php(312): WP_Hook->apply_filters(NULL, Array)
#5 /home/stylecabbie/public_html/wp-includes/plugin.php(544): WP_Hook->do_action(Array)
#6 /home/stylecabbie/public_html/wp-includes/class-wp.php(387): do_action_ref_array('parse_request', Array)
#7 /home/stylecabbie/public_html/wp-includes/class-wp. in /home/stylecabbie/public_html/wp-content/plugins/woobox-api/includes/api/v1/class.woobox.api.wishlist.route.php on line 84

2020-04-27T06:40:38+00:00 CRITICAL Uncaught Error: Cannot use object of type WP_Error as array in /home/stylecabbie/public_html/wp-content/plugins/woobox-api/includes/api/v1/class.woobox.api.cart.route.php:151
Stack trace:
#0 /home/stylecabbie/public_html/wp-includes/rest-api/class-wp-rest-server.php(946): woobox_add_cart(Object(WP_REST_Request))
#1 /home/stylecabbie/public_html/wp-includes/rest-api/class-wp-rest-server.php(329): WP_REST_Server->dispatch(Object(WP_REST_Request))
#2 /home/stylecabbie/public_html/wp-includes/rest-api.php(305): WP_REST_Server->serve_request('/woobox-api/api...')
#3 /home/stylecabbie/public_html/wp-includes/class-wp-hook.php(288): rest_api_loaded(Object(WP))
#4 /home/stylecabbie/public_html/wp-includes/class-wp-hook.php(312): WP_Hook->apply_filters(NULL, Array)
#5 /home/stylecabbie/public_html/wp-includes/plugin.php(544): WP_Hook->do_action(Array)
#6 /home/stylecabbie/public_html/wp-includes/class-wp.php(387): do_action_ref_array('parse_request', Array)
#7 /home/stylecabbie/public_html/wp-includes/class-wp.php(729 in /home/stylecabbie/public_html/wp-content/plugins/woobox-api/includes/api/v1/class.woobox.api.cart.route.php on line 151

2020-04-27T06:40:39+00:00 CRITICAL Uncaught Error: Cannot use object of type WP_Error as array in /home/stylecabbie/public_html/wp-content/plugins/woobox-api/includes/api/v1/class.woobox.api.cart.route.php:151
Stack trace:
#0 /home/stylecabbie/public_html/wp-includes/rest-api/class-wp-rest-server.php(946): woobox_add_cart(Object(WP_REST_Request))
#1 /home/stylecabbie/public_html/wp-includes/rest-api/class-wp-rest-server.php(329): WP_REST_Server->dispatch(Object(WP_REST_Request))
#2 /home/stylecabbie/public_html/wp-includes/rest-api.php(305): WP_REST_Server->serve_request('/woobox-api/api...')
#3 /home/stylecabbie/public_html/wp-includes/class-wp-hook.php(288): rest_api_loaded(Object(WP))
#4 /home/stylecabbie/public_html/wp-includes/class-wp-hook.php(312): WP_Hook->apply_filters(NULL, Array)
#5 /home/stylecabbie/public_html/wp-includes/plugin.php(544): WP_Hook->do_action(Array)
#6 /home/stylecabbie/public_html/wp-includes/class-wp.php(387): do_action_ref_array('parse_request', Array)
#7 /home/stylecabbie/public_html/wp-includes/class-wp.php(729 in /home/stylecabbie/public_html/wp-content/plugins/woobox-api/includes/api/v1/class.woobox.api.cart.route.php on line 151

2020-04-27T06:40:39+00:00 CRITICAL Uncaught Error: Cannot use object of type WP_Error as array in /home/stylecabbie/public_html/wp-content/plugins/woobox-api/includes/api/v1/class.woobox.api.cart.route.php:151
Stack trace:
#0 /home/stylecabbie/public_html/wp-includes/rest-api/class-wp-rest-server.php(946): woobox_add_cart(Object(WP_REST_Request))
#1 /home/stylecabbie/public_html/wp-includes/rest-api/class-wp-rest-server.php(329): WP_REST_Server->dispatch(Object(WP_REST_Request))
#2 /home/stylecabbie/public_html/wp-includes/rest-api.php(305): WP_REST_Server->serve_request('/woobox-api/api...')
#3 /home/stylecabbie/public_html/wp-includes/class-wp-hook.php(288): rest_api_loaded(Object(WP))
#4 /home/stylecabbie/public_html/wp-includes/class-wp-hook.php(312): WP_Hook->apply_filters(NULL, Array)
#5 /home/stylecabbie/public_html/wp-includes/plugin.php(544): WP_Hook->do_action(Array)
#6 /home/stylecabbie/public_html/wp-includes/class-wp.php(387): do_action_ref_array('parse_request', Array)
#7 /home/stylecabbie/public_html/wp-includes/class-wp.php(729 in /home/stylecabbie/public_html/wp-content/plugins/woobox-api/includes/api/v1/class.woobox.api.cart.route.php on line 151

2020-04-27T06:40:39+00:00 CRITICAL Uncaught Error: Cannot use object of type WP_Error as array in /home/stylecabbie/public_html/wp-content/plugins/woobox-api/includes/api/v1/class.woobox.api.cart.route.php:151
Stack trace:
#0 /home/stylecabbie/public_html/wp-includes/rest-api/class-wp-rest-server.php(946): woobox_add_cart(Object(WP_REST_Request))
#1 /home/stylecabbie/public_html/wp-includes/rest-api/class-wp-rest-server.php(329): WP_REST_Server->dispatch(Object(WP_REST_Request))
#2 /home/stylecabbie/public_html/wp-includes/rest-api.php(305): WP_REST_Server->serve_request('/woobox-api/api...')
#3 /home/stylecabbie/public_html/wp-includes/class-wp-hook.php(288): rest_api_loaded(Object(WP))
#4 /home/stylecabbie/public_html/wp-includes/class-wp-hook.php(312): WP_Hook->apply_filters(NULL, Array)
#5 /home/stylecabbie/public_html/wp-includes/plugin.php(544): WP_Hook->do_action(Array)
#6 /home/stylecabbie/public_html/wp-includes/class-wp.php(387): do_action_ref_array('parse_request', Array)
#7 /home/stylecabbie/public_html/wp-includes/class-wp.php(729 in /home/stylecabbie/public_html/wp-content/plugins/woobox-api/includes/api/v1/class.woobox.api.cart.route.php on line 151

2020-04-27T09:44:13+00:00 CRITICAL Uncaught Error: Cannot use object of type WP_Error as array in /home/stylecabbie/public_html/wp-content/plugins/woobox-api/includes/api/v1/class.woobox.api.wishlist.route.php:84
Stack trace:
#0 /home/stylecabbie/public_html/wp-includes/rest-api/class-wp-rest-server.php(946): woobox_get_wishlist(Object(WP_REST_Request))
#1 /home/stylecabbie/public_html/wp-includes/rest-api/class-wp-rest-server.php(329): WP_REST_Server->dispatch(Object(WP_REST_Request))
#2 /home/stylecabbie/public_html/wp-includes/rest-api.php(305): WP_REST_Server->serve_request('/woobox-api/api...')
#3 /home/stylecabbie/public_html/wp-includes/class-wp-hook.php(288): rest_api_loaded(Object(WP))
#4 /home/stylecabbie/public_html/wp-includes/class-wp-hook.php(312): WP_Hook->apply_filters(NULL, Array)
#5 /home/stylecabbie/public_html/wp-includes/plugin.php(544): WP_Hook->do_action(Array)
#6 /home/stylecabbie/public_html/wp-includes/class-wp.php(387): do_action_ref_array('parse_request', Array)
#7 /home/stylecabbie/public_html/wp-includes/class-wp. in /home/stylecabbie/public_html/wp-content/plugins/woobox-api/includes/api/v1/class.woobox.api.wishlist.route.php on line 84

2020-04-27T11:06:55+00:00 CRITICAL Uncaught Error: Call to a member function date() on null in /home/stylecabbie/public_html/wp-content/plugins/woocommerce-admin/src/API/Reports/Customers/DataStore.php:613
Stack trace:
#0 /home/stylecabbie/public_html/wp-content/plugins/woocommerce-admin/src/Schedulers/CustomersScheduler.php(158): Automattic\WooCommerce\Admin\API\Reports\Customers\DataStore::update_registered_customer(0)
#1 [internal function]: Automattic\WooCommerce\Admin\Schedulers\CustomersScheduler::import(0)
#2 /home/stylecabbie/public_html/wp-content/plugins/woocommerce-admin/src/Schedulers/SchedulerTraits.php(274): call_user_func_array(Array, Array)
#3 /home/stylecabbie/public_html/wp-includes/class-wp-hook.php(288): Automattic\WooCommerce\Admin\Schedulers\ImportScheduler::do_action_or_reschedule(0)
#4 /home/stylecabbie/public_html/wp-includes/class-wp-hook.php(312): WP_Hook->apply_filters('', Array)
#5 /home/stylecabbie/public_html/wp-includes/plugin.php(544): WP_Hook->do_action(Array)
#6 /home/stylecabbie/public_html/wp-content/plugin in /home/stylecabbie/public_html/wp-content/plugins/woocommerce-admin/src/API/Reports/Customers/DataStore.php on line 613

2020-04-27T11:11:44+00:00 CRITICAL Uncaught Error: Call to a member function date() on null in /home/stylecabbie/public_html/wp-content/plugins/woocommerce-admin/src/API/Reports/Customers/DataStore.php:613
Stack trace:
#0 /home/stylecabbie/public_html/wp-content/plugins/woocommerce-admin/src/Schedulers/CustomersScheduler.php(158): Automattic\WooCommerce\Admin\API\Reports\Customers\DataStore::update_registered_customer(0)
#1 [internal function]: Automattic\WooCommerce\Admin\Schedulers\CustomersScheduler::import(0)
#2 /home/stylecabbie/public_html/wp-content/plugins/woocommerce-admin/src/Schedulers/SchedulerTraits.php(274): call_user_func_array(Array, Array)
#3 /home/stylecabbie/public_html/wp-includes/class-wp-hook.php(288): Automattic\WooCommerce\Admin\Schedulers\ImportScheduler::do_action_or_reschedule(0)
#4 /home/stylecabbie/public_html/wp-includes/class-wp-hook.php(312): WP_Hook->apply_filters('', Array)
#5 /home/stylecabbie/public_html/wp-includes/plugin.php(544): WP_Hook->do_action(Array)
#6 /home/stylecabbie/public_html/wp-content/plugin in /home/stylecabbie/public_html/wp-content/plugins/woocommerce-admin/src/API/Reports/Customers/DataStore.php on line 613

2020-04-27T11:13:38+00:00 CRITICAL Uncaught Error: Cannot use object of type WP_Error as array in /home/stylecabbie/public_html/wp-content/plugins/woobox-api/includes/api/v1/class.woobox.api.cart.route.php:57
Stack trace:
#0 /home/stylecabbie/public_html/wp-includes/rest-api/class-wp-rest-server.php(946): woobox_get_cart(Object(WP_REST_Request))
#1 /home/stylecabbie/public_html/wp-includes/rest-api/class-wp-rest-server.php(329): WP_REST_Server->dispatch(Object(WP_REST_Request))
#2 /home/stylecabbie/public_html/wp-includes/rest-api.php(305): WP_REST_Server->serve_request('/woobox-api/api...')
#3 /home/stylecabbie/public_html/wp-includes/class-wp-hook.php(288): rest_api_loaded(Object(WP))
#4 /home/stylecabbie/public_html/wp-includes/class-wp-hook.php(312): WP_Hook->apply_filters(NULL, Array)
#5 /home/stylecabbie/public_html/wp-includes/plugin.php(544): WP_Hook->do_action(Array)
#6 /home/stylecabbie/public_html/wp-includes/class-wp.php(387): do_action_ref_array('parse_request', Array)
#7 /home/stylecabbie/public_html/wp-includes/class-wp.php(729) in /home/stylecabbie/public_html/wp-content/plugins/woobox-api/includes/api/v1/class.woobox.api.cart.route.php on line 57

2020-04-27T11:16:39+00:00 CRITICAL Uncaught Error: Cannot use object of type WP_Error as array in /home/stylecabbie/public_html/wp-content/plugins/woobox-api/includes/api/v1/class.woobox.api.cart.route.php:57
Stack trace:
#0 /home/stylecabbie/public_html/wp-includes/rest-api/class-wp-rest-server.php(946): woobox_get_cart(Object(WP_REST_Request))
#1 /home/stylecabbie/public_html/wp-includes/rest-api/class-wp-rest-server.php(329): WP_REST_Server->dispatch(Object(WP_REST_Request))
#2 /home/stylecabbie/public_html/wp-includes/rest-api.php(305): WP_REST_Server->serve_request('/woobox-api/api...')
#3 /home/stylecabbie/public_html/wp-includes/class-wp-hook.php(288): rest_api_loaded(Object(WP))
#4 /home/stylecabbie/public_html/wp-includes/class-wp-hook.php(312): WP_Hook->apply_filters(NULL, Array)
#5 /home/stylecabbie/public_html/wp-includes/plugin.php(544): WP_Hook->do_action(Array)
#6 /home/stylecabbie/public_html/wp-includes/class-wp.php(387): do_action_ref_array('parse_request', Array)
#7 /home/stylecabbie/public_html/wp-includes/class-wp.php(729) in /home/stylecabbie/public_html/wp-content/plugins/woobox-api/includes/api/v1/class.woobox.api.cart.route.php on line 57

2020-04-27T11:16:39+00:00 CRITICAL Uncaught Error: Cannot use object of type WP_Error as array in /home/stylecabbie/public_html/wp-content/plugins/woobox-api/includes/api/v1/class.woobox.api.cart.route.php:336
Stack trace:
#0 /home/stylecabbie/public_html/wp-includes/rest-api/class-wp-rest-server.php(946): woobox_delete_cart(Object(WP_REST_Request))
#1 /home/stylecabbie/public_html/wp-includes/rest-api/class-wp-rest-server.php(329): WP_REST_Server->dispatch(Object(WP_REST_Request))
#2 /home/stylecabbie/public_html/wp-includes/rest-api.php(305): WP_REST_Server->serve_request('/woobox-api/api...')
#3 /home/stylecabbie/public_html/wp-includes/class-wp-hook.php(288): rest_api_loaded(Object(WP))
#4 /home/stylecabbie/public_html/wp-includes/class-wp-hook.php(312): WP_Hook->apply_filters(NULL, Array)
#5 /home/stylecabbie/public_html/wp-includes/plugin.php(544): WP_Hook->do_action(Array)
#6 /home/stylecabbie/public_html/wp-includes/class-wp.php(387): do_action_ref_array('parse_request', Array)
#7 /home/stylecabbie/public_html/wp-includes/class-wp.php( in /home/stylecabbie/public_html/wp-content/plugins/woobox-api/includes/api/v1/class.woobox.api.cart.route.php on line 336

2020-04-27T11:16:40+00:00 CRITICAL Uncaught Error: Cannot use object of type WP_Error as array in /home/stylecabbie/public_html/wp-content/plugins/woobox-api/includes/api/v1/class.woobox.api.cart.route.php:57
Stack trace:
#0 /home/stylecabbie/public_html/wp-includes/rest-api/class-wp-rest-server.php(946): woobox_get_cart(Object(WP_REST_Request))
#1 /home/stylecabbie/public_html/wp-includes/rest-api/class-wp-rest-server.php(329): WP_REST_Server->dispatch(Object(WP_REST_Request))
#2 /home/stylecabbie/public_html/wp-includes/rest-api.php(305): WP_REST_Server->serve_request('/woobox-api/api...')
#3 /home/stylecabbie/public_html/wp-includes/class-wp-hook.php(288): rest_api_loaded(Object(WP))
#4 /home/stylecabbie/public_html/wp-includes/class-wp-hook.php(312): WP_Hook->apply_filters(NULL, Array)
#5 /home/stylecabbie/public_html/wp-includes/plugin.php(544): WP_Hook->do_action(Array)
#6 /home/stylecabbie/public_html/wp-includes/class-wp.php(387): do_action_ref_array('parse_request', Array)
#7 /home/stylecabbie/public_html/wp-includes/class-wp.php(729) in /home/stylecabbie/public_html/wp-content/plugins/woobox-api/includes/api/v1/class.woobox.api.cart.route.php on line 57

2020-04-27T11:16:42+00:00 CRITICAL Uncaught Error: Cannot use object of type WP_Error as array in /home/stylecabbie/public_html/wp-content/plugins/woobox-api/includes/api/v1/class.woobox.api.cart.route.php:336
Stack trace:
#0 /home/stylecabbie/public_html/wp-includes/rest-api/class-wp-rest-server.php(946): woobox_delete_cart(Object(WP_REST_Request))
#1 /home/stylecabbie/public_html/wp-includes/rest-api/class-wp-rest-server.php(329): WP_REST_Server->dispatch(Object(WP_REST_Request))
#2 /home/stylecabbie/public_html/wp-includes/rest-api.php(305): WP_REST_Server->serve_request('/woobox-api/api...')
#3 /home/stylecabbie/public_html/wp-includes/class-wp-hook.php(288): rest_api_loaded(Object(WP))
#4 /home/stylecabbie/public_html/wp-includes/class-wp-hook.php(312): WP_Hook->apply_filters(NULL, Array)
#5 /home/stylecabbie/public_html/wp-includes/plugin.php(544): WP_Hook->do_action(Array)
#6 /home/stylecabbie/public_html/wp-includes/class-wp.php(387): do_action_ref_array('parse_request', Array)
#7 /home/stylecabbie/public_html/wp-includes/class-wp.php( in /home/stylecabbie/public_html/wp-content/plugins/woobox-api/includes/api/v1/class.woobox.api.cart.route.php on line 336

2020-04-27T13:27:29+00:00 CRITICAL Uncaught Error: Cannot use object of type WP_Error as array in /home/stylecabbie/public_html/wp-content/plugins/woobox-api/includes/api/v1/class.woobox.api.wishlist.route.php:84
Stack trace:
#0 /home/stylecabbie/public_html/wp-includes/rest-api/class-wp-rest-server.php(946): woobox_get_wishlist(Object(WP_REST_Request))
#1 /home/stylecabbie/public_html/wp-includes/rest-api/class-wp-rest-server.php(329): WP_REST_Server->dispatch(Object(WP_REST_Request))
#2 /home/stylecabbie/public_html/wp-includes/rest-api.php(305): WP_REST_Server->serve_request('/woobox-api/api...')
#3 /home/stylecabbie/public_html/wp-includes/class-wp-hook.php(288): rest_api_loaded(Object(WP))
#4 /home/stylecabbie/public_html/wp-includes/class-wp-hook.php(312): WP_Hook->apply_filters(NULL, Array)
#5 /home/stylecabbie/public_html/wp-includes/plugin.php(544): WP_Hook->do_action(Array)
#6 /home/stylecabbie/public_html/wp-includes/class-wp.php(387): do_action_ref_array('parse_request', Array)
#7 /home/stylecabbie/public_html/wp-includes/class-wp. in /home/stylecabbie/public_html/wp-content/plugins/woobox-api/includes/api/v1/class.woobox.api.wishlist.route.php on line 84

2020-04-27T13:38:55+00:00 CRITICAL Uncaught Error: Cannot use object of type WP_Error as array in /home/stylecabbie/public_html/wp-content/plugins/woobox-api/includes/api/v1/class.woobox.api.cart.route.php:57
Stack trace:
#0 /home/stylecabbie/public_html/wp-includes/rest-api/class-wp-rest-server.php(946): woobox_get_cart(Object(WP_REST_Request))
#1 /home/stylecabbie/public_html/wp-includes/rest-api/class-wp-rest-server.php(329): WP_REST_Server->dispatch(Object(WP_REST_Request))
#2 /home/stylecabbie/public_html/wp-includes/rest-api.php(305): WP_REST_Server->serve_request('/woobox-api/api...')
#3 /home/stylecabbie/public_html/wp-includes/class-wp-hook.php(288): rest_api_loaded(Object(WP))
#4 /home/stylecabbie/public_html/wp-includes/class-wp-hook.php(312): WP_Hook->apply_filters(NULL, Array)
#5 /home/stylecabbie/public_html/wp-includes/plugin.php(544): WP_Hook->do_action(Array)
#6 /home/stylecabbie/public_html/wp-includes/class-wp.php(387): do_action_ref_array('parse_request', Array)
#7 /home/stylecabbie/public_html/wp-includes/class-wp.php(729) in /home/stylecabbie/public_html/wp-content/plugins/woobox-api/includes/api/v1/class.woobox.api.cart.route.php on line 57

2020-04-27T13:38:56+00:00 CRITICAL Uncaught Error: Cannot use object of type WP_Error as array in /home/stylecabbie/public_html/wp-content/plugins/woobox-api/includes/api/v1/class.woobox.api.cart.route.php:57
Stack trace:
#0 /home/stylecabbie/public_html/wp-includes/rest-api/class-wp-rest-server.php(946): woobox_get_cart(Object(WP_REST_Request))
#1 /home/stylecabbie/public_html/wp-includes/rest-api/class-wp-rest-server.php(329): WP_REST_Server->dispatch(Object(WP_REST_Request))
#2 /home/stylecabbie/public_html/wp-includes/rest-api.php(305): WP_REST_Server->serve_request('/woobox-api/api...')
#3 /home/stylecabbie/public_html/wp-includes/class-wp-hook.php(288): rest_api_loaded(Object(WP))
#4 /home/stylecabbie/public_html/wp-includes/class-wp-hook.php(312): WP_Hook->apply_filters(NULL, Array)
#5 /home/stylecabbie/public_html/wp-includes/plugin.php(544): WP_Hook->do_action(Array)
#6 /home/stylecabbie/public_html/wp-includes/class-wp.php(387): do_action_ref_array('parse_request', Array)
#7 /home/stylecabbie/public_html/wp-includes/class-wp.php(729) in /home/stylecabbie/public_html/wp-content/plugins/woobox-api/includes/api/v1/class.woobox.api.cart.route.php on line 57

2020-04-27T13:38:56+00:00 CRITICAL Uncaught Error: Cannot use object of type WP_Error as array in /home/stylecabbie/public_html/wp-content/plugins/woobox-api/includes/api/v1/class.woobox.api.cart.route.php:57
Stack trace:
#0 /home/stylecabbie/public_html/wp-includes/rest-api/class-wp-rest-server.php(946): woobox_get_cart(Object(WP_REST_Request))
#1 /home/stylecabbie/public_html/wp-includes/rest-api/class-wp-rest-server.php(329): WP_REST_Server->dispatch(Object(WP_REST_Request))
#2 /home/stylecabbie/public_html/wp-includes/rest-api.php(305): WP_REST_Server->serve_request('/woobox-api/api...')
#3 /home/stylecabbie/public_html/wp-includes/class-wp-hook.php(288): rest_api_loaded(Object(WP))
#4 /home/stylecabbie/public_html/wp-includes/class-wp-hook.php(312): WP_Hook->apply_filters(NULL, Array)
#5 /home/stylecabbie/public_html/wp-includes/plugin.php(544): WP_Hook->do_action(Array)
#6 /home/stylecabbie/public_html/wp-includes/class-wp.php(387): do_action_ref_array('parse_request', Array)
#7 /home/stylecabbie/public_html/wp-includes/class-wp.php(729) in /home/stylecabbie/public_html/wp-content/plugins/woobox-api/includes/api/v1/class.woobox.api.cart.route.php on line 57

2020-04-27T13:38:56+00:00 CRITICAL Uncaught Error: Cannot use object of type WP_Error as array in /home/stylecabbie/public_html/wp-content/plugins/woobox-api/includes/api/v1/class.woobox.api.cart.route.php:57
Stack trace:
#0 /home/stylecabbie/public_html/wp-includes/rest-api/class-wp-rest-server.php(946): woobox_get_cart(Object(WP_REST_Request))
#1 /home/stylecabbie/public_html/wp-includes/rest-api/class-wp-rest-server.php(329): WP_REST_Server->dispatch(Object(WP_REST_Request))
#2 /home/stylecabbie/public_html/wp-includes/rest-api.php(305): WP_REST_Server->serve_request('/woobox-api/api...')
#3 /home/stylecabbie/public_html/wp-includes/class-wp-hook.php(288): rest_api_loaded(Object(WP))
#4 /home/stylecabbie/public_html/wp-includes/class-wp-hook.php(312): WP_Hook->apply_filters(NULL, Array)
#5 /home/stylecabbie/public_html/wp-includes/plugin.php(544): WP_Hook->do_action(Array)
#6 /home/stylecabbie/public_html/wp-includes/class-wp.php(387): do_action_ref_array('parse_request', Array)
#7 /home/stylecabbie/public_html/wp-includes/class-wp.php(729) in /home/stylecabbie/public_html/wp-content/plugins/woobox-api/includes/api/v1/class.woobox.api.cart.route.php on line 57

2020-04-27T14:58:42+00:00 CRITICAL Uncaught Error: Cannot use object of type WP_Error as array in /home/stylecabbie/public_html/wp-content/plugins/woobox-api/includes/api/v1/class.woobox.api.cart.route.php:57
Stack trace:
#0 /home/stylecabbie/public_html/wp-includes/rest-api/class-wp-rest-server.php(946): woobox_get_cart(Object(WP_REST_Request))
#1 /home/stylecabbie/public_html/wp-includes/rest-api/class-wp-rest-server.php(329): WP_REST_Server->dispatch(Object(WP_REST_Request))
#2 /home/stylecabbie/public_html/wp-includes/rest-api.php(305): WP_REST_Server->serve_request('/woobox-api/api...')
#3 /home/stylecabbie/public_html/wp-includes/class-wp-hook.php(288): rest_api_loaded(Object(WP))
#4 /home/stylecabbie/public_html/wp-includes/class-wp-hook.php(312): WP_Hook->apply_filters(NULL, Array)
#5 /home/stylecabbie/public_html/wp-includes/plugin.php(544): WP_Hook->do_action(Array)
#6 /home/stylecabbie/public_html/wp-includes/class-wp.php(387): do_action_ref_array('parse_request', Array)
#7 /home/stylecabbie/public_html/wp-includes/class-wp.php(729) in /home/stylecabbie/public_html/wp-content/plugins/woobox-api/includes/api/v1/class.woobox.api.cart.route.php on line 57

2020-04-27T15:57:00+00:00 CRITICAL Uncaught Error: Cannot use object of type WP_Error as array in /home/stylecabbie/public_html/wp-content/plugins/woobox-api/includes/api/v1/class.woobox.api.cart.route.php:57
Stack trace:
#0 /home/stylecabbie/public_html/wp-includes/rest-api/class-wp-rest-server.php(946): woobox_get_cart(Object(WP_REST_Request))
#1 /home/stylecabbie/public_html/wp-includes/rest-api/class-wp-rest-server.php(329): WP_REST_Server->dispatch(Object(WP_REST_Request))
#2 /home/stylecabbie/public_html/wp-includes/rest-api.php(305): WP_REST_Server->serve_request('/woobox-api/api...')
#3 /home/stylecabbie/public_html/wp-includes/class-wp-hook.php(288): rest_api_loaded(Object(WP))
#4 /home/stylecabbie/public_html/wp-includes/class-wp-hook.php(312): WP_Hook->apply_filters(NULL, Array)
#5 /home/stylecabbie/public_html/wp-includes/plugin.php(544): WP_Hook->do_action(Array)
#6 /home/stylecabbie/public_html/wp-includes/class-wp.php(387): do_action_ref_array('parse_request', Array)
#7 /home/stylecabbie/public_html/wp-includes/class-wp.php(729) in /home/stylecabbie/public_html/wp-content/plugins/woobox-api/includes/api/v1/class.woobox.api.cart.route.php on line 57

