2020-04-25T06:10:15+00:00 CRITICAL Uncaught Error: Cannot use object of type WP_Error as array in /home/stylecabbie/public_html/wp-content/plugins/woobox-api/includes/api/v1/class.woobox.api.wishlist.route.php:84
Stack trace:
#0 /home/stylecabbie/public_html/wp-includes/rest-api/class-wp-rest-server.php(946): woobox_get_wishlist(Object(WP_REST_Request))
#1 /home/stylecabbie/public_html/wp-includes/rest-api/class-wp-rest-server.php(329): WP_REST_Server->dispatch(Object(WP_REST_Request))
#2 /home/stylecabbie/public_html/wp-includes/rest-api.php(305): WP_REST_Server->serve_request('/woobox-api/api...')
#3 /home/stylecabbie/public_html/wp-includes/class-wp-hook.php(288): rest_api_loaded(Object(WP))
#4 /home/stylecabbie/public_html/wp-includes/class-wp-hook.php(312): WP_Hook->apply_filters(NULL, Array)
#5 /home/stylecabbie/public_html/wp-includes/plugin.php(544): WP_Hook->do_action(Array)
#6 /home/stylecabbie/public_html/wp-includes/class-wp.php(387): do_action_ref_array('parse_request', Array)
#7 /home/stylecabbie/public_html/wp-includes/class-wp. in /home/stylecabbie/public_html/wp-content/plugins/woobox-api/includes/api/v1/class.woobox.api.wishlist.route.php on line 84

2020-04-25T06:22:33+00:00 CRITICAL Uncaught Error: Cannot use object of type WP_Error as array in /home/stylecabbie/public_html/wp-content/plugins/woobox-api/includes/api/v1/class.woobox.api.wishlist.route.php:84
Stack trace:
#0 /home/stylecabbie/public_html/wp-includes/rest-api/class-wp-rest-server.php(946): woobox_get_wishlist(Object(WP_REST_Request))
#1 /home/stylecabbie/public_html/wp-includes/rest-api/class-wp-rest-server.php(329): WP_REST_Server->dispatch(Object(WP_REST_Request))
#2 /home/stylecabbie/public_html/wp-includes/rest-api.php(305): WP_REST_Server->serve_request('/woobox-api/api...')
#3 /home/stylecabbie/public_html/wp-includes/class-wp-hook.php(288): rest_api_loaded(Object(WP))
#4 /home/stylecabbie/public_html/wp-includes/class-wp-hook.php(312): WP_Hook->apply_filters(NULL, Array)
#5 /home/stylecabbie/public_html/wp-includes/plugin.php(544): WP_Hook->do_action(Array)
#6 /home/stylecabbie/public_html/wp-includes/class-wp.php(387): do_action_ref_array('parse_request', Array)
#7 /home/stylecabbie/public_html/wp-includes/class-wp. in /home/stylecabbie/public_html/wp-content/plugins/woobox-api/includes/api/v1/class.woobox.api.wishlist.route.php on line 84

2020-04-25T06:26:32+00:00 CRITICAL Uncaught Error: Cannot use object of type WP_Error as array in /home/stylecabbie/public_html/wp-content/plugins/woobox-api/includes/api/v1/class.woobox.api.wishlist.route.php:84
Stack trace:
#0 /home/stylecabbie/public_html/wp-includes/rest-api/class-wp-rest-server.php(946): woobox_get_wishlist(Object(WP_REST_Request))
#1 /home/stylecabbie/public_html/wp-includes/rest-api/class-wp-rest-server.php(329): WP_REST_Server->dispatch(Object(WP_REST_Request))
#2 /home/stylecabbie/public_html/wp-includes/rest-api.php(305): WP_REST_Server->serve_request('/woobox-api/api...')
#3 /home/stylecabbie/public_html/wp-includes/class-wp-hook.php(288): rest_api_loaded(Object(WP))
#4 /home/stylecabbie/public_html/wp-includes/class-wp-hook.php(312): WP_Hook->apply_filters(NULL, Array)
#5 /home/stylecabbie/public_html/wp-includes/plugin.php(544): WP_Hook->do_action(Array)
#6 /home/stylecabbie/public_html/wp-includes/class-wp.php(387): do_action_ref_array('parse_request', Array)
#7 /home/stylecabbie/public_html/wp-includes/class-wp. in /home/stylecabbie/public_html/wp-content/plugins/woobox-api/includes/api/v1/class.woobox.api.wishlist.route.php on line 84

2020-04-25T06:43:05+00:00 CRITICAL Uncaught Error: Cannot use object of type WP_Error as array in /home/stylecabbie/public_html/wp-content/plugins/woobox-api/includes/api/v1/class.woobox.api.wishlist.route.php:84
Stack trace:
#0 /home/stylecabbie/public_html/wp-includes/rest-api/class-wp-rest-server.php(946): woobox_get_wishlist(Object(WP_REST_Request))
#1 /home/stylecabbie/public_html/wp-includes/rest-api/class-wp-rest-server.php(329): WP_REST_Server->dispatch(Object(WP_REST_Request))
#2 /home/stylecabbie/public_html/wp-includes/rest-api.php(305): WP_REST_Server->serve_request('/woobox-api/api...')
#3 /home/stylecabbie/public_html/wp-includes/class-wp-hook.php(288): rest_api_loaded(Object(WP))
#4 /home/stylecabbie/public_html/wp-includes/class-wp-hook.php(312): WP_Hook->apply_filters(NULL, Array)
#5 /home/stylecabbie/public_html/wp-includes/plugin.php(544): WP_Hook->do_action(Array)
#6 /home/stylecabbie/public_html/wp-includes/class-wp.php(387): do_action_ref_array('parse_request', Array)
#7 /home/stylecabbie/public_html/wp-includes/class-wp. in /home/stylecabbie/public_html/wp-content/plugins/woobox-api/includes/api/v1/class.woobox.api.wishlist.route.php on line 84

2020-04-25T06:59:04+00:00 CRITICAL Uncaught Error: Cannot use object of type WP_Error as array in /home/stylecabbie/public_html/wp-content/plugins/woobox-api/includes/api/v1/class.woobox.api.wishlist.route.php:84
Stack trace:
#0 /home/stylecabbie/public_html/wp-includes/rest-api/class-wp-rest-server.php(946): woobox_get_wishlist(Object(WP_REST_Request))
#1 /home/stylecabbie/public_html/wp-includes/rest-api/class-wp-rest-server.php(329): WP_REST_Server->dispatch(Object(WP_REST_Request))
#2 /home/stylecabbie/public_html/wp-includes/rest-api.php(305): WP_REST_Server->serve_request('/woobox-api/api...')
#3 /home/stylecabbie/public_html/wp-includes/class-wp-hook.php(288): rest_api_loaded(Object(WP))
#4 /home/stylecabbie/public_html/wp-includes/class-wp-hook.php(312): WP_Hook->apply_filters(NULL, Array)
#5 /home/stylecabbie/public_html/wp-includes/plugin.php(544): WP_Hook->do_action(Array)
#6 /home/stylecabbie/public_html/wp-includes/class-wp.php(387): do_action_ref_array('parse_request', Array)
#7 /home/stylecabbie/public_html/wp-includes/class-wp. in /home/stylecabbie/public_html/wp-content/plugins/woobox-api/includes/api/v1/class.woobox.api.wishlist.route.php on line 84

2020-04-25T07:03:20+00:00 CRITICAL Uncaught Error: Cannot use object of type WP_Error as array in /home/stylecabbie/public_html/wp-content/plugins/woobox-api/includes/ajax/class.woobox.request_ajax.php:31
Stack trace:
#0 /home/stylecabbie/public_html/wp-includes/class-wp-hook.php(288): woobox_token_request_ajax('')
#1 /home/stylecabbie/public_html/wp-includes/class-wp-hook.php(312): WP_Hook->apply_filters('', Array)
#2 /home/stylecabbie/public_html/wp-includes/plugin.php(478): WP_Hook->do_action(Array)
#3 /home/stylecabbie/public_html/wp-admin/admin-ajax.php(175): do_action('wp_ajax_woobox_...')
#4 {main}
  thrown in /home/stylecabbie/public_html/wp-content/plugins/woobox-api/includes/ajax/class.woobox.request_ajax.php on line 31

2020-04-25T07:03:28+00:00 CRITICAL Uncaught Error: Cannot use object of type WP_Error as array in /home/stylecabbie/public_html/wp-content/plugins/woobox-api/includes/ajax/class.woobox.request_ajax.php:31
Stack trace:
#0 /home/stylecabbie/public_html/wp-includes/class-wp-hook.php(288): woobox_token_request_ajax('')
#1 /home/stylecabbie/public_html/wp-includes/class-wp-hook.php(312): WP_Hook->apply_filters('', Array)
#2 /home/stylecabbie/public_html/wp-includes/plugin.php(478): WP_Hook->do_action(Array)
#3 /home/stylecabbie/public_html/wp-admin/admin-ajax.php(175): do_action('wp_ajax_woobox_...')
#4 {main}
  thrown in /home/stylecabbie/public_html/wp-content/plugins/woobox-api/includes/ajax/class.woobox.request_ajax.php on line 31

2020-04-25T07:03:41+00:00 CRITICAL Uncaught Error: Cannot use object of type WP_Error as array in /home/stylecabbie/public_html/wp-content/plugins/woobox-api/includes/ajax/class.woobox.request_ajax.php:31
Stack trace:
#0 /home/stylecabbie/public_html/wp-includes/class-wp-hook.php(288): woobox_token_request_ajax('')
#1 /home/stylecabbie/public_html/wp-includes/class-wp-hook.php(312): WP_Hook->apply_filters('', Array)
#2 /home/stylecabbie/public_html/wp-includes/plugin.php(478): WP_Hook->do_action(Array)
#3 /home/stylecabbie/public_html/wp-admin/admin-ajax.php(175): do_action('wp_ajax_woobox_...')
#4 {main}
  thrown in /home/stylecabbie/public_html/wp-content/plugins/woobox-api/includes/ajax/class.woobox.request_ajax.php on line 31

2020-04-25T07:07:45+00:00 CRITICAL Uncaught Error: Cannot use object of type WP_Error as array in /home/stylecabbie/public_html/wp-content/plugins/woobox-api/includes/ajax/class.woobox.request_ajax.php:31
Stack trace:
#0 /home/stylecabbie/public_html/wp-includes/class-wp-hook.php(288): woobox_token_request_ajax('')
#1 /home/stylecabbie/public_html/wp-includes/class-wp-hook.php(312): WP_Hook->apply_filters('', Array)
#2 /home/stylecabbie/public_html/wp-includes/plugin.php(478): WP_Hook->do_action(Array)
#3 /home/stylecabbie/public_html/wp-admin/admin-ajax.php(175): do_action('wp_ajax_woobox_...')
#4 {main}
  thrown in /home/stylecabbie/public_html/wp-content/plugins/woobox-api/includes/ajax/class.woobox.request_ajax.php on line 31

2020-04-25T07:07:56+00:00 CRITICAL Uncaught Error: Cannot use object of type WP_Error as array in /home/stylecabbie/public_html/wp-content/plugins/woobox-api/includes/ajax/class.woobox.request_ajax.php:31
Stack trace:
#0 /home/stylecabbie/public_html/wp-includes/class-wp-hook.php(288): woobox_token_request_ajax('')
#1 /home/stylecabbie/public_html/wp-includes/class-wp-hook.php(312): WP_Hook->apply_filters('', Array)
#2 /home/stylecabbie/public_html/wp-includes/plugin.php(478): WP_Hook->do_action(Array)
#3 /home/stylecabbie/public_html/wp-admin/admin-ajax.php(175): do_action('wp_ajax_woobox_...')
#4 {main}
  thrown in /home/stylecabbie/public_html/wp-content/plugins/woobox-api/includes/ajax/class.woobox.request_ajax.php on line 31

2020-04-25T07:08:21+00:00 CRITICAL Uncaught Error: Cannot use object of type WP_Error as array in /home/stylecabbie/public_html/wp-content/plugins/woobox-api/includes/ajax/class.woobox.request_ajax.php:31
Stack trace:
#0 /home/stylecabbie/public_html/wp-includes/class-wp-hook.php(288): woobox_token_request_ajax('')
#1 /home/stylecabbie/public_html/wp-includes/class-wp-hook.php(312): WP_Hook->apply_filters('', Array)
#2 /home/stylecabbie/public_html/wp-includes/plugin.php(478): WP_Hook->do_action(Array)
#3 /home/stylecabbie/public_html/wp-admin/admin-ajax.php(175): do_action('wp_ajax_woobox_...')
#4 {main}
  thrown in /home/stylecabbie/public_html/wp-content/plugins/woobox-api/includes/ajax/class.woobox.request_ajax.php on line 31

2020-04-25T07:08:56+00:00 CRITICAL Uncaught Error: Cannot use object of type WP_Error as array in /home/stylecabbie/public_html/wp-content/plugins/woobox-api/includes/ajax/class.woobox.request_ajax.php:31
Stack trace:
#0 /home/stylecabbie/public_html/wp-includes/class-wp-hook.php(288): woobox_token_request_ajax('')
#1 /home/stylecabbie/public_html/wp-includes/class-wp-hook.php(312): WP_Hook->apply_filters('', Array)
#2 /home/stylecabbie/public_html/wp-includes/plugin.php(478): WP_Hook->do_action(Array)
#3 /home/stylecabbie/public_html/wp-admin/admin-ajax.php(175): do_action('wp_ajax_woobox_...')
#4 {main}
  thrown in /home/stylecabbie/public_html/wp-content/plugins/woobox-api/includes/ajax/class.woobox.request_ajax.php on line 31

2020-04-25T07:09:34+00:00 CRITICAL Uncaught Error: Cannot use object of type WP_Error as array in /home/stylecabbie/public_html/wp-content/plugins/woobox-api/includes/ajax/class.woobox.request_ajax.php:31
Stack trace:
#0 /home/stylecabbie/public_html/wp-includes/class-wp-hook.php(288): woobox_token_request_ajax('')
#1 /home/stylecabbie/public_html/wp-includes/class-wp-hook.php(312): WP_Hook->apply_filters('', Array)
#2 /home/stylecabbie/public_html/wp-includes/plugin.php(478): WP_Hook->do_action(Array)
#3 /home/stylecabbie/public_html/wp-admin/admin-ajax.php(175): do_action('wp_ajax_woobox_...')
#4 {main}
  thrown in /home/stylecabbie/public_html/wp-content/plugins/woobox-api/includes/ajax/class.woobox.request_ajax.php on line 31

2020-04-25T07:10:38+00:00 CRITICAL Uncaught Error: Cannot use object of type WP_Error as array in /home/stylecabbie/public_html/wp-content/plugins/woobox-api/includes/ajax/class.woobox.request_ajax.php:31
Stack trace:
#0 /home/stylecabbie/public_html/wp-includes/class-wp-hook.php(288): woobox_token_request_ajax('')
#1 /home/stylecabbie/public_html/wp-includes/class-wp-hook.php(312): WP_Hook->apply_filters('', Array)
#2 /home/stylecabbie/public_html/wp-includes/plugin.php(478): WP_Hook->do_action(Array)
#3 /home/stylecabbie/public_html/wp-admin/admin-ajax.php(175): do_action('wp_ajax_woobox_...')
#4 {main}
  thrown in /home/stylecabbie/public_html/wp-content/plugins/woobox-api/includes/ajax/class.woobox.request_ajax.php on line 31

2020-04-25T07:10:45+00:00 CRITICAL Uncaught Error: Cannot use object of type WP_Error as array in /home/stylecabbie/public_html/wp-content/plugins/woobox-api/includes/ajax/class.woobox.request_ajax.php:31
Stack trace:
#0 /home/stylecabbie/public_html/wp-includes/class-wp-hook.php(288): woobox_token_request_ajax('')
#1 /home/stylecabbie/public_html/wp-includes/class-wp-hook.php(312): WP_Hook->apply_filters('', Array)
#2 /home/stylecabbie/public_html/wp-includes/plugin.php(478): WP_Hook->do_action(Array)
#3 /home/stylecabbie/public_html/wp-admin/admin-ajax.php(175): do_action('wp_ajax_woobox_...')
#4 {main}
  thrown in /home/stylecabbie/public_html/wp-content/plugins/woobox-api/includes/ajax/class.woobox.request_ajax.php on line 31

2020-04-25T07:11:11+00:00 CRITICAL Uncaught Error: Cannot use object of type WP_Error as array in /home/stylecabbie/public_html/wp-content/plugins/woobox-api/includes/ajax/class.woobox.request_ajax.php:31
Stack trace:
#0 /home/stylecabbie/public_html/wp-includes/class-wp-hook.php(288): woobox_token_request_ajax('')
#1 /home/stylecabbie/public_html/wp-includes/class-wp-hook.php(312): WP_Hook->apply_filters('', Array)
#2 /home/stylecabbie/public_html/wp-includes/plugin.php(478): WP_Hook->do_action(Array)
#3 /home/stylecabbie/public_html/wp-admin/admin-ajax.php(175): do_action('wp_ajax_woobox_...')
#4 {main}
  thrown in /home/stylecabbie/public_html/wp-content/plugins/woobox-api/includes/ajax/class.woobox.request_ajax.php on line 31

2020-04-25T07:11:13+00:00 CRITICAL Uncaught Error: Cannot use object of type WP_Error as array in /home/stylecabbie/public_html/wp-content/plugins/woobox-api/includes/ajax/class.woobox.request_ajax.php:31
Stack trace:
#0 /home/stylecabbie/public_html/wp-includes/class-wp-hook.php(288): woobox_token_request_ajax('')
#1 /home/stylecabbie/public_html/wp-includes/class-wp-hook.php(312): WP_Hook->apply_filters('', Array)
#2 /home/stylecabbie/public_html/wp-includes/plugin.php(478): WP_Hook->do_action(Array)
#3 /home/stylecabbie/public_html/wp-admin/admin-ajax.php(175): do_action('wp_ajax_woobox_...')
#4 {main}
  thrown in /home/stylecabbie/public_html/wp-content/plugins/woobox-api/includes/ajax/class.woobox.request_ajax.php on line 31

2020-04-25T07:12:00+00:00 CRITICAL Uncaught Error: Cannot use object of type WP_Error as array in /home/stylecabbie/public_html/wp-content/plugins/woobox-api/includes/ajax/class.woobox.request_ajax.php:31
Stack trace:
#0 /home/stylecabbie/public_html/wp-includes/class-wp-hook.php(288): woobox_token_request_ajax('')
#1 /home/stylecabbie/public_html/wp-includes/class-wp-hook.php(312): WP_Hook->apply_filters('', Array)
#2 /home/stylecabbie/public_html/wp-includes/plugin.php(478): WP_Hook->do_action(Array)
#3 /home/stylecabbie/public_html/wp-admin/admin-ajax.php(175): do_action('wp_ajax_woobox_...')
#4 {main}
  thrown in /home/stylecabbie/public_html/wp-content/plugins/woobox-api/includes/ajax/class.woobox.request_ajax.php on line 31

2020-04-25T07:12:23+00:00 CRITICAL Uncaught Error: Cannot use object of type WP_Error as array in /home/stylecabbie/public_html/wp-content/plugins/woobox-api/includes/ajax/class.woobox.request_ajax.php:31
Stack trace:
#0 /home/stylecabbie/public_html/wp-includes/class-wp-hook.php(288): woobox_token_request_ajax('')
#1 /home/stylecabbie/public_html/wp-includes/class-wp-hook.php(312): WP_Hook->apply_filters('', Array)
#2 /home/stylecabbie/public_html/wp-includes/plugin.php(478): WP_Hook->do_action(Array)
#3 /home/stylecabbie/public_html/wp-admin/admin-ajax.php(175): do_action('wp_ajax_woobox_...')
#4 {main}
  thrown in /home/stylecabbie/public_html/wp-content/plugins/woobox-api/includes/ajax/class.woobox.request_ajax.php on line 31

2020-04-25T07:13:47+00:00 CRITICAL Uncaught Error: Cannot use object of type WP_Error as array in /home/stylecabbie/public_html/wp-content/plugins/woobox-api/includes/ajax/class.woobox.request_ajax.php:31
Stack trace:
#0 /home/stylecabbie/public_html/wp-includes/class-wp-hook.php(288): woobox_token_request_ajax('')
#1 /home/stylecabbie/public_html/wp-includes/class-wp-hook.php(312): WP_Hook->apply_filters('', Array)
#2 /home/stylecabbie/public_html/wp-includes/plugin.php(478): WP_Hook->do_action(Array)
#3 /home/stylecabbie/public_html/wp-admin/admin-ajax.php(175): do_action('wp_ajax_woobox_...')
#4 {main}
  thrown in /home/stylecabbie/public_html/wp-content/plugins/woobox-api/includes/ajax/class.woobox.request_ajax.php on line 31

2020-04-25T07:13:51+00:00 CRITICAL Uncaught Error: Cannot use object of type WP_Error as array in /home/stylecabbie/public_html/wp-content/plugins/woobox-api/includes/ajax/class.woobox.request_ajax.php:31
Stack trace:
#0 /home/stylecabbie/public_html/wp-includes/class-wp-hook.php(288): woobox_token_request_ajax('')
#1 /home/stylecabbie/public_html/wp-includes/class-wp-hook.php(312): WP_Hook->apply_filters('', Array)
#2 /home/stylecabbie/public_html/wp-includes/plugin.php(478): WP_Hook->do_action(Array)
#3 /home/stylecabbie/public_html/wp-admin/admin-ajax.php(175): do_action('wp_ajax_woobox_...')
#4 {main}
  thrown in /home/stylecabbie/public_html/wp-content/plugins/woobox-api/includes/ajax/class.woobox.request_ajax.php on line 31

2020-04-25T07:13:51+00:00 CRITICAL Uncaught Error: Cannot use object of type WP_Error as array in /home/stylecabbie/public_html/wp-content/plugins/woobox-api/includes/ajax/class.woobox.request_ajax.php:31
Stack trace:
#0 /home/stylecabbie/public_html/wp-includes/class-wp-hook.php(288): woobox_token_request_ajax('')
#1 /home/stylecabbie/public_html/wp-includes/class-wp-hook.php(312): WP_Hook->apply_filters('', Array)
#2 /home/stylecabbie/public_html/wp-includes/plugin.php(478): WP_Hook->do_action(Array)
#3 /home/stylecabbie/public_html/wp-admin/admin-ajax.php(175): do_action('wp_ajax_woobox_...')
#4 {main}
  thrown in /home/stylecabbie/public_html/wp-content/plugins/woobox-api/includes/ajax/class.woobox.request_ajax.php on line 31

2020-04-25T07:13:51+00:00 CRITICAL Uncaught Error: Cannot use object of type WP_Error as array in /home/stylecabbie/public_html/wp-content/plugins/woobox-api/includes/ajax/class.woobox.request_ajax.php:31
Stack trace:
#0 /home/stylecabbie/public_html/wp-includes/class-wp-hook.php(288): woobox_token_request_ajax('')
#1 /home/stylecabbie/public_html/wp-includes/class-wp-hook.php(312): WP_Hook->apply_filters('', Array)
#2 /home/stylecabbie/public_html/wp-includes/plugin.php(478): WP_Hook->do_action(Array)
#3 /home/stylecabbie/public_html/wp-admin/admin-ajax.php(175): do_action('wp_ajax_woobox_...')
#4 {main}
  thrown in /home/stylecabbie/public_html/wp-content/plugins/woobox-api/includes/ajax/class.woobox.request_ajax.php on line 31

2020-04-25T07:13:52+00:00 CRITICAL Uncaught Error: Cannot use object of type WP_Error as array in /home/stylecabbie/public_html/wp-content/plugins/woobox-api/includes/ajax/class.woobox.request_ajax.php:31
Stack trace:
#0 /home/stylecabbie/public_html/wp-includes/class-wp-hook.php(288): woobox_token_request_ajax('')
#1 /home/stylecabbie/public_html/wp-includes/class-wp-hook.php(312): WP_Hook->apply_filters('', Array)
#2 /home/stylecabbie/public_html/wp-includes/plugin.php(478): WP_Hook->do_action(Array)
#3 /home/stylecabbie/public_html/wp-admin/admin-ajax.php(175): do_action('wp_ajax_woobox_...')
#4 {main}
  thrown in /home/stylecabbie/public_html/wp-content/plugins/woobox-api/includes/ajax/class.woobox.request_ajax.php on line 31

2020-04-25T07:13:52+00:00 CRITICAL Uncaught Error: Cannot use object of type WP_Error as array in /home/stylecabbie/public_html/wp-content/plugins/woobox-api/includes/ajax/class.woobox.request_ajax.php:31
Stack trace:
#0 /home/stylecabbie/public_html/wp-includes/class-wp-hook.php(288): woobox_token_request_ajax('')
#1 /home/stylecabbie/public_html/wp-includes/class-wp-hook.php(312): WP_Hook->apply_filters('', Array)
#2 /home/stylecabbie/public_html/wp-includes/plugin.php(478): WP_Hook->do_action(Array)
#3 /home/stylecabbie/public_html/wp-admin/admin-ajax.php(175): do_action('wp_ajax_woobox_...')
#4 {main}
  thrown in /home/stylecabbie/public_html/wp-content/plugins/woobox-api/includes/ajax/class.woobox.request_ajax.php on line 31

2020-04-25T07:14:09+00:00 CRITICAL Uncaught Error: Cannot use object of type WP_Error as array in /home/stylecabbie/public_html/wp-content/plugins/woobox-api/includes/ajax/class.woobox.request_ajax.php:31
Stack trace:
#0 /home/stylecabbie/public_html/wp-includes/class-wp-hook.php(288): woobox_token_request_ajax('')
#1 /home/stylecabbie/public_html/wp-includes/class-wp-hook.php(312): WP_Hook->apply_filters('', Array)
#2 /home/stylecabbie/public_html/wp-includes/plugin.php(478): WP_Hook->do_action(Array)
#3 /home/stylecabbie/public_html/wp-admin/admin-ajax.php(175): do_action('wp_ajax_woobox_...')
#4 {main}
  thrown in /home/stylecabbie/public_html/wp-content/plugins/woobox-api/includes/ajax/class.woobox.request_ajax.php on line 31

2020-04-25T07:14:09+00:00 CRITICAL Uncaught Error: Cannot use object of type WP_Error as array in /home/stylecabbie/public_html/wp-content/plugins/woobox-api/includes/ajax/class.woobox.request_ajax.php:31
Stack trace:
#0 /home/stylecabbie/public_html/wp-includes/class-wp-hook.php(288): woobox_token_request_ajax('')
#1 /home/stylecabbie/public_html/wp-includes/class-wp-hook.php(312): WP_Hook->apply_filters('', Array)
#2 /home/stylecabbie/public_html/wp-includes/plugin.php(478): WP_Hook->do_action(Array)
#3 /home/stylecabbie/public_html/wp-admin/admin-ajax.php(175): do_action('wp_ajax_woobox_...')
#4 {main}
  thrown in /home/stylecabbie/public_html/wp-content/plugins/woobox-api/includes/ajax/class.woobox.request_ajax.php on line 31

2020-04-25T07:14:09+00:00 CRITICAL Uncaught Error: Cannot use object of type WP_Error as array in /home/stylecabbie/public_html/wp-content/plugins/woobox-api/includes/ajax/class.woobox.request_ajax.php:31
Stack trace:
#0 /home/stylecabbie/public_html/wp-includes/class-wp-hook.php(288): woobox_token_request_ajax('')
#1 /home/stylecabbie/public_html/wp-includes/class-wp-hook.php(312): WP_Hook->apply_filters('', Array)
#2 /home/stylecabbie/public_html/wp-includes/plugin.php(478): WP_Hook->do_action(Array)
#3 /home/stylecabbie/public_html/wp-admin/admin-ajax.php(175): do_action('wp_ajax_woobox_...')
#4 {main}
  thrown in /home/stylecabbie/public_html/wp-content/plugins/woobox-api/includes/ajax/class.woobox.request_ajax.php on line 31

2020-04-25T07:16:40+00:00 CRITICAL Uncaught Error: Cannot use object of type WP_Error as array in /home/stylecabbie/public_html/wp-content/plugins/woobox-api/includes/ajax/class.woobox.request_ajax.php:31
Stack trace:
#0 /home/stylecabbie/public_html/wp-includes/class-wp-hook.php(288): woobox_token_request_ajax('')
#1 /home/stylecabbie/public_html/wp-includes/class-wp-hook.php(312): WP_Hook->apply_filters('', Array)
#2 /home/stylecabbie/public_html/wp-includes/plugin.php(478): WP_Hook->do_action(Array)
#3 /home/stylecabbie/public_html/wp-admin/admin-ajax.php(175): do_action('wp_ajax_woobox_...')
#4 {main}
  thrown in /home/stylecabbie/public_html/wp-content/plugins/woobox-api/includes/ajax/class.woobox.request_ajax.php on line 31

2020-04-25T07:16:50+00:00 CRITICAL Uncaught Error: Cannot use object of type WP_Error as array in /home/stylecabbie/public_html/wp-content/plugins/woobox-api/includes/ajax/class.woobox.request_ajax.php:31
Stack trace:
#0 /home/stylecabbie/public_html/wp-includes/class-wp-hook.php(288): woobox_token_request_ajax('')
#1 /home/stylecabbie/public_html/wp-includes/class-wp-hook.php(312): WP_Hook->apply_filters('', Array)
#2 /home/stylecabbie/public_html/wp-includes/plugin.php(478): WP_Hook->do_action(Array)
#3 /home/stylecabbie/public_html/wp-admin/admin-ajax.php(175): do_action('wp_ajax_woobox_...')
#4 {main}
  thrown in /home/stylecabbie/public_html/wp-content/plugins/woobox-api/includes/ajax/class.woobox.request_ajax.php on line 31

2020-04-25T07:17:22+00:00 CRITICAL Uncaught Error: Cannot use object of type WP_Error as array in /home/stylecabbie/public_html/wp-content/plugins/woobox-api/includes/ajax/class.woobox.request_ajax.php:31
Stack trace:
#0 /home/stylecabbie/public_html/wp-includes/class-wp-hook.php(288): woobox_token_request_ajax('')
#1 /home/stylecabbie/public_html/wp-includes/class-wp-hook.php(312): WP_Hook->apply_filters('', Array)
#2 /home/stylecabbie/public_html/wp-includes/plugin.php(478): WP_Hook->do_action(Array)
#3 /home/stylecabbie/public_html/wp-admin/admin-ajax.php(175): do_action('wp_ajax_woobox_...')
#4 {main}
  thrown in /home/stylecabbie/public_html/wp-content/plugins/woobox-api/includes/ajax/class.woobox.request_ajax.php on line 31

2020-04-25T07:17:35+00:00 CRITICAL Uncaught Error: Cannot use object of type WP_Error as array in /home/stylecabbie/public_html/wp-content/plugins/woobox-api/includes/ajax/class.woobox.request_ajax.php:31
Stack trace:
#0 /home/stylecabbie/public_html/wp-includes/class-wp-hook.php(288): woobox_token_request_ajax('')
#1 /home/stylecabbie/public_html/wp-includes/class-wp-hook.php(312): WP_Hook->apply_filters('', Array)
#2 /home/stylecabbie/public_html/wp-includes/plugin.php(478): WP_Hook->do_action(Array)
#3 /home/stylecabbie/public_html/wp-admin/admin-ajax.php(175): do_action('wp_ajax_woobox_...')
#4 {main}
  thrown in /home/stylecabbie/public_html/wp-content/plugins/woobox-api/includes/ajax/class.woobox.request_ajax.php on line 31

2020-04-25T07:17:36+00:00 CRITICAL Uncaught Error: Cannot use object of type WP_Error as array in /home/stylecabbie/public_html/wp-content/plugins/woobox-api/includes/ajax/class.woobox.request_ajax.php:98
Stack trace:
#0 /home/stylecabbie/public_html/wp-includes/class-wp-hook.php(288): woobox_token_request_ajax_final('')
#1 /home/stylecabbie/public_html/wp-includes/class-wp-hook.php(312): WP_Hook->apply_filters('', Array)
#2 /home/stylecabbie/public_html/wp-includes/plugin.php(478): WP_Hook->do_action(Array)
#3 /home/stylecabbie/public_html/wp-admin/admin-ajax.php(175): do_action('wp_ajax_woobox_...')
#4 {main}
  thrown in /home/stylecabbie/public_html/wp-content/plugins/woobox-api/includes/ajax/class.woobox.request_ajax.php on line 98

2020-04-25T07:17:40+00:00 CRITICAL Uncaught Error: Cannot use object of type WP_Error as array in /home/stylecabbie/public_html/wp-content/plugins/woobox-api/includes/ajax/class.woobox.request_ajax.php:31
Stack trace:
#0 /home/stylecabbie/public_html/wp-includes/class-wp-hook.php(288): woobox_token_request_ajax('')
#1 /home/stylecabbie/public_html/wp-includes/class-wp-hook.php(312): WP_Hook->apply_filters('', Array)
#2 /home/stylecabbie/public_html/wp-includes/plugin.php(478): WP_Hook->do_action(Array)
#3 /home/stylecabbie/public_html/wp-admin/admin-ajax.php(175): do_action('wp_ajax_woobox_...')
#4 {main}
  thrown in /home/stylecabbie/public_html/wp-content/plugins/woobox-api/includes/ajax/class.woobox.request_ajax.php on line 31

2020-04-25T07:17:41+00:00 CRITICAL Uncaught Error: Cannot use object of type WP_Error as array in /home/stylecabbie/public_html/wp-content/plugins/woobox-api/includes/ajax/class.woobox.request_ajax.php:31
Stack trace:
#0 /home/stylecabbie/public_html/wp-includes/class-wp-hook.php(288): woobox_token_request_ajax('')
#1 /home/stylecabbie/public_html/wp-includes/class-wp-hook.php(312): WP_Hook->apply_filters('', Array)
#2 /home/stylecabbie/public_html/wp-includes/plugin.php(478): WP_Hook->do_action(Array)
#3 /home/stylecabbie/public_html/wp-admin/admin-ajax.php(175): do_action('wp_ajax_woobox_...')
#4 {main}
  thrown in /home/stylecabbie/public_html/wp-content/plugins/woobox-api/includes/ajax/class.woobox.request_ajax.php on line 31

2020-04-25T07:17:41+00:00 CRITICAL Uncaught Error: Cannot use object of type WP_Error as array in /home/stylecabbie/public_html/wp-content/plugins/woobox-api/includes/ajax/class.woobox.request_ajax.php:31
Stack trace:
#0 /home/stylecabbie/public_html/wp-includes/class-wp-hook.php(288): woobox_token_request_ajax('')
#1 /home/stylecabbie/public_html/wp-includes/class-wp-hook.php(312): WP_Hook->apply_filters('', Array)
#2 /home/stylecabbie/public_html/wp-includes/plugin.php(478): WP_Hook->do_action(Array)
#3 /home/stylecabbie/public_html/wp-admin/admin-ajax.php(175): do_action('wp_ajax_woobox_...')
#4 {main}
  thrown in /home/stylecabbie/public_html/wp-content/plugins/woobox-api/includes/ajax/class.woobox.request_ajax.php on line 31

2020-04-25T07:17:41+00:00 CRITICAL Uncaught Error: Cannot use object of type WP_Error as array in /home/stylecabbie/public_html/wp-content/plugins/woobox-api/includes/ajax/class.woobox.request_ajax.php:31
Stack trace:
#0 /home/stylecabbie/public_html/wp-includes/class-wp-hook.php(288): woobox_token_request_ajax('')
#1 /home/stylecabbie/public_html/wp-includes/class-wp-hook.php(312): WP_Hook->apply_filters('', Array)
#2 /home/stylecabbie/public_html/wp-includes/plugin.php(478): WP_Hook->do_action(Array)
#3 /home/stylecabbie/public_html/wp-admin/admin-ajax.php(175): do_action('wp_ajax_woobox_...')
#4 {main}
  thrown in /home/stylecabbie/public_html/wp-content/plugins/woobox-api/includes/ajax/class.woobox.request_ajax.php on line 31

2020-04-25T07:17:41+00:00 CRITICAL Uncaught Error: Cannot use object of type WP_Error as array in /home/stylecabbie/public_html/wp-content/plugins/woobox-api/includes/ajax/class.woobox.request_ajax.php:31
Stack trace:
#0 /home/stylecabbie/public_html/wp-includes/class-wp-hook.php(288): woobox_token_request_ajax('')
#1 /home/stylecabbie/public_html/wp-includes/class-wp-hook.php(312): WP_Hook->apply_filters('', Array)
#2 /home/stylecabbie/public_html/wp-includes/plugin.php(478): WP_Hook->do_action(Array)
#3 /home/stylecabbie/public_html/wp-admin/admin-ajax.php(175): do_action('wp_ajax_woobox_...')
#4 {main}
  thrown in /home/stylecabbie/public_html/wp-content/plugins/woobox-api/includes/ajax/class.woobox.request_ajax.php on line 31

2020-04-25T07:17:42+00:00 CRITICAL Uncaught Error: Cannot use object of type WP_Error as array in /home/stylecabbie/public_html/wp-content/plugins/woobox-api/includes/ajax/class.woobox.request_ajax.php:31
Stack trace:
#0 /home/stylecabbie/public_html/wp-includes/class-wp-hook.php(288): woobox_token_request_ajax('')
#1 /home/stylecabbie/public_html/wp-includes/class-wp-hook.php(312): WP_Hook->apply_filters('', Array)
#2 /home/stylecabbie/public_html/wp-includes/plugin.php(478): WP_Hook->do_action(Array)
#3 /home/stylecabbie/public_html/wp-admin/admin-ajax.php(175): do_action('wp_ajax_woobox_...')
#4 {main}
  thrown in /home/stylecabbie/public_html/wp-content/plugins/woobox-api/includes/ajax/class.woobox.request_ajax.php on line 31

2020-04-25T07:18:34+00:00 CRITICAL Uncaught Error: Cannot use object of type WP_Error as array in /home/stylecabbie/public_html/wp-content/plugins/woobox-api/includes/ajax/class.woobox.request_ajax.php:31
Stack trace:
#0 /home/stylecabbie/public_html/wp-includes/class-wp-hook.php(288): woobox_token_request_ajax('')
#1 /home/stylecabbie/public_html/wp-includes/class-wp-hook.php(312): WP_Hook->apply_filters('', Array)
#2 /home/stylecabbie/public_html/wp-includes/plugin.php(478): WP_Hook->do_action(Array)
#3 /home/stylecabbie/public_html/wp-admin/admin-ajax.php(175): do_action('wp_ajax_woobox_...')
#4 {main}
  thrown in /home/stylecabbie/public_html/wp-content/plugins/woobox-api/includes/ajax/class.woobox.request_ajax.php on line 31

2020-04-25T07:19:11+00:00 CRITICAL Uncaught Error: Cannot use object of type WP_Error as array in /home/stylecabbie/public_html/wp-content/plugins/woobox-api/includes/ajax/class.woobox.request_ajax.php:31
Stack trace:
#0 /home/stylecabbie/public_html/wp-includes/class-wp-hook.php(288): woobox_token_request_ajax('')
#1 /home/stylecabbie/public_html/wp-includes/class-wp-hook.php(312): WP_Hook->apply_filters('', Array)
#2 /home/stylecabbie/public_html/wp-includes/plugin.php(478): WP_Hook->do_action(Array)
#3 /home/stylecabbie/public_html/wp-admin/admin-ajax.php(175): do_action('wp_ajax_woobox_...')
#4 {main}
  thrown in /home/stylecabbie/public_html/wp-content/plugins/woobox-api/includes/ajax/class.woobox.request_ajax.php on line 31

2020-04-25T07:19:44+00:00 CRITICAL Uncaught Error: Cannot use object of type WP_Error as array in /home/stylecabbie/public_html/wp-content/plugins/woobox-api/includes/ajax/class.woobox.request_ajax.php:31
Stack trace:
#0 /home/stylecabbie/public_html/wp-includes/class-wp-hook.php(288): woobox_token_request_ajax('')
#1 /home/stylecabbie/public_html/wp-includes/class-wp-hook.php(312): WP_Hook->apply_filters('', Array)
#2 /home/stylecabbie/public_html/wp-includes/plugin.php(478): WP_Hook->do_action(Array)
#3 /home/stylecabbie/public_html/wp-admin/admin-ajax.php(175): do_action('wp_ajax_woobox_...')
#4 {main}
  thrown in /home/stylecabbie/public_html/wp-content/plugins/woobox-api/includes/ajax/class.woobox.request_ajax.php on line 31

2020-04-25T07:19:48+00:00 CRITICAL Uncaught Error: Cannot use object of type WP_Error as array in /home/stylecabbie/public_html/wp-content/plugins/woobox-api/includes/ajax/class.woobox.request_ajax.php:31
Stack trace:
#0 /home/stylecabbie/public_html/wp-includes/class-wp-hook.php(288): woobox_token_request_ajax('')
#1 /home/stylecabbie/public_html/wp-includes/class-wp-hook.php(312): WP_Hook->apply_filters('', Array)
#2 /home/stylecabbie/public_html/wp-includes/plugin.php(478): WP_Hook->do_action(Array)
#3 /home/stylecabbie/public_html/wp-admin/admin-ajax.php(175): do_action('wp_ajax_woobox_...')
#4 {main}
  thrown in /home/stylecabbie/public_html/wp-content/plugins/woobox-api/includes/ajax/class.woobox.request_ajax.php on line 31

2020-04-25T07:19:48+00:00 CRITICAL Uncaught Error: Cannot use object of type WP_Error as array in /home/stylecabbie/public_html/wp-content/plugins/woobox-api/includes/ajax/class.woobox.request_ajax.php:31
Stack trace:
#0 /home/stylecabbie/public_html/wp-includes/class-wp-hook.php(288): woobox_token_request_ajax('')
#1 /home/stylecabbie/public_html/wp-includes/class-wp-hook.php(312): WP_Hook->apply_filters('', Array)
#2 /home/stylecabbie/public_html/wp-includes/plugin.php(478): WP_Hook->do_action(Array)
#3 /home/stylecabbie/public_html/wp-admin/admin-ajax.php(175): do_action('wp_ajax_woobox_...')
#4 {main}
  thrown in /home/stylecabbie/public_html/wp-content/plugins/woobox-api/includes/ajax/class.woobox.request_ajax.php on line 31

2020-04-25T07:21:02+00:00 CRITICAL Uncaught Error: Cannot use object of type WP_Error as array in /home/stylecabbie/public_html/wp-content/plugins/woobox-api/includes/ajax/class.woobox.request_ajax.php:31
Stack trace:
#0 /home/stylecabbie/public_html/wp-includes/class-wp-hook.php(288): woobox_token_request_ajax('')
#1 /home/stylecabbie/public_html/wp-includes/class-wp-hook.php(312): WP_Hook->apply_filters('', Array)
#2 /home/stylecabbie/public_html/wp-includes/plugin.php(478): WP_Hook->do_action(Array)
#3 /home/stylecabbie/public_html/wp-admin/admin-ajax.php(175): do_action('wp_ajax_woobox_...')
#4 {main}
  thrown in /home/stylecabbie/public_html/wp-content/plugins/woobox-api/includes/ajax/class.woobox.request_ajax.php on line 31

2020-04-25T07:25:00+00:00 CRITICAL Uncaught Error: Cannot use object of type WP_Error as array in /home/stylecabbie/public_html/wp-content/plugins/woobox-api/includes/ajax/class.woobox.request_ajax.php:31
Stack trace:
#0 /home/stylecabbie/public_html/wp-includes/class-wp-hook.php(288): woobox_token_request_ajax('')
#1 /home/stylecabbie/public_html/wp-includes/class-wp-hook.php(312): WP_Hook->apply_filters('', Array)
#2 /home/stylecabbie/public_html/wp-includes/plugin.php(478): WP_Hook->do_action(Array)
#3 /home/stylecabbie/public_html/wp-admin/admin-ajax.php(175): do_action('wp_ajax_woobox_...')
#4 {main}
  thrown in /home/stylecabbie/public_html/wp-content/plugins/woobox-api/includes/ajax/class.woobox.request_ajax.php on line 31

2020-04-25T07:25:11+00:00 CRITICAL Uncaught Error: Cannot use object of type WP_Error as array in /home/stylecabbie/public_html/wp-content/plugins/woobox-api/includes/ajax/class.woobox.request_ajax.php:31
Stack trace:
#0 /home/stylecabbie/public_html/wp-includes/class-wp-hook.php(288): woobox_token_request_ajax('')
#1 /home/stylecabbie/public_html/wp-includes/class-wp-hook.php(312): WP_Hook->apply_filters('', Array)
#2 /home/stylecabbie/public_html/wp-includes/plugin.php(478): WP_Hook->do_action(Array)
#3 /home/stylecabbie/public_html/wp-admin/admin-ajax.php(175): do_action('wp_ajax_woobox_...')
#4 {main}
  thrown in /home/stylecabbie/public_html/wp-content/plugins/woobox-api/includes/ajax/class.woobox.request_ajax.php on line 31

2020-04-25T07:44:57+00:00 CRITICAL Uncaught Error: Cannot use object of type WP_Error as array in /home/stylecabbie/public_html/wp-content/plugins/woobox-api/includes/ajax/class.woobox.request_ajax.php:31
Stack trace:
#0 /home/stylecabbie/public_html/wp-includes/class-wp-hook.php(288): woobox_token_request_ajax('')
#1 /home/stylecabbie/public_html/wp-includes/class-wp-hook.php(312): WP_Hook->apply_filters('', Array)
#2 /home/stylecabbie/public_html/wp-includes/plugin.php(478): WP_Hook->do_action(Array)
#3 /home/stylecabbie/public_html/wp-admin/admin-ajax.php(175): do_action('wp_ajax_woobox_...')
#4 {main}
  thrown in /home/stylecabbie/public_html/wp-content/plugins/woobox-api/includes/ajax/class.woobox.request_ajax.php on line 31

2020-04-25T07:45:08+00:00 CRITICAL Uncaught Error: Cannot use object of type WP_Error as array in /home/stylecabbie/public_html/wp-content/plugins/woobox-api/includes/ajax/class.woobox.request_ajax.php:31
Stack trace:
#0 /home/stylecabbie/public_html/wp-includes/class-wp-hook.php(288): woobox_token_request_ajax('')
#1 /home/stylecabbie/public_html/wp-includes/class-wp-hook.php(312): WP_Hook->apply_filters('', Array)
#2 /home/stylecabbie/public_html/wp-includes/plugin.php(478): WP_Hook->do_action(Array)
#3 /home/stylecabbie/public_html/wp-admin/admin-ajax.php(175): do_action('wp_ajax_woobox_...')
#4 {main}
  thrown in /home/stylecabbie/public_html/wp-content/plugins/woobox-api/includes/ajax/class.woobox.request_ajax.php on line 31

2020-04-25T07:45:54+00:00 CRITICAL Uncaught Error: Cannot use object of type WP_Error as array in /home/stylecabbie/public_html/wp-content/plugins/woobox-api/includes/ajax/class.woobox.request_ajax.php:31
Stack trace:
#0 /home/stylecabbie/public_html/wp-includes/class-wp-hook.php(288): woobox_token_request_ajax('')
#1 /home/stylecabbie/public_html/wp-includes/class-wp-hook.php(312): WP_Hook->apply_filters('', Array)
#2 /home/stylecabbie/public_html/wp-includes/plugin.php(478): WP_Hook->do_action(Array)
#3 /home/stylecabbie/public_html/wp-admin/admin-ajax.php(175): do_action('wp_ajax_woobox_...')
#4 {main}
  thrown in /home/stylecabbie/public_html/wp-content/plugins/woobox-api/includes/ajax/class.woobox.request_ajax.php on line 31

2020-04-25T07:46:00+00:00 CRITICAL Uncaught Error: Cannot use object of type WP_Error as array in /home/stylecabbie/public_html/wp-content/plugins/woobox-api/includes/ajax/class.woobox.request_ajax.php:31
Stack trace:
#0 /home/stylecabbie/public_html/wp-includes/class-wp-hook.php(288): woobox_token_request_ajax('')
#1 /home/stylecabbie/public_html/wp-includes/class-wp-hook.php(312): WP_Hook->apply_filters('', Array)
#2 /home/stylecabbie/public_html/wp-includes/plugin.php(478): WP_Hook->do_action(Array)
#3 /home/stylecabbie/public_html/wp-admin/admin-ajax.php(175): do_action('wp_ajax_woobox_...')
#4 {main}
  thrown in /home/stylecabbie/public_html/wp-content/plugins/woobox-api/includes/ajax/class.woobox.request_ajax.php on line 31

2020-04-25T08:00:10+00:00 CRITICAL Uncaught Error: Cannot use object of type WP_Error as array in /home/stylecabbie/public_html/wp-content/plugins/woobox-api/includes/ajax/class.woobox.request_ajax.php:31
Stack trace:
#0 /home/stylecabbie/public_html/wp-includes/class-wp-hook.php(288): woobox_token_request_ajax('')
#1 /home/stylecabbie/public_html/wp-includes/class-wp-hook.php(312): WP_Hook->apply_filters('', Array)
#2 /home/stylecabbie/public_html/wp-includes/plugin.php(478): WP_Hook->do_action(Array)
#3 /home/stylecabbie/public_html/wp-admin/admin-ajax.php(175): do_action('wp_ajax_woobox_...')
#4 {main}
  thrown in /home/stylecabbie/public_html/wp-content/plugins/woobox-api/includes/ajax/class.woobox.request_ajax.php on line 31

2020-04-25T08:17:50+00:00 CRITICAL Uncaught Error: Call to a member function set_reviews_allowed() on boolean in /home/stylecabbie/public_html/wp-content/plugins/woo-wallet/includes/class-woo-wallet-install.php:142
Stack trace:
#0 /home/stylecabbie/public_html/wp-content/plugins/woo-wallet/includes/class-woo-wallet-install.php(100): Woo_Wallet_Install::create_product()
#1 /home/stylecabbie/public_html/wp-content/plugins/woo-wallet/includes/helper/woo-wallet-util.php(200): Woo_Wallet_Install::cteate_product_if_not_exist()
#2 /home/stylecabbie/public_html/wp-content/plugins/woo-wallet/includes/class-woo-wallet-settings.php(255): get_wallet_rechargeable_product()
#3 /home/stylecabbie/public_html/wp-content/plugins/woo-wallet/includes/class-woo-wallet-settings.php(106): Woo_Wallet_Settings->get_rechargeable_product_title()
#4 /home/stylecabbie/public_html/wp-content/plugins/woo-wallet/includes/class-woo-wallet-settings.php(44): Woo_Wallet_Settings->get_settings_fields()
#5 /home/stylecabbie/public_html/wp-includes/class-wp-hook.php(288): Woo_Walle in /home/stylecabbie/public_html/wp-content/plugins/woo-wallet/includes/class-woo-wallet-install.php on line 142

