2020-05-03T06:54:28+00:00 CRITICAL Uncaught Error: Using $this when not in object context in /home/stylecabbie/public_html/wp-includes/wp-db.php:2166
Stack trace:
#0 /home/stylecabbie/public_html/wp-content/plugins/woocommerce/templates/cart/cart.php(120): wpdb::insert('wp_iqonic_add_t...', Array)
#1 /home/stylecabbie/public_html/wp-content/plugins/woocommerce/includes/wc-core-functions.php(251): include('/home/stylecabb...')
#2 /home/stylecabbie/public_html/wp-content/plugins/woocommerce/includes/shortcodes/class-wc-shortcode-cart.php(99): wc_get_template('cart/cart.php')
#3 /home/stylecabbie/public_html/wp-content/plugins/woocommerce/includes/class-wc-shortcodes.php(72): WC_Shortcode_Cart::output(Array)
#4 /home/stylecabbie/public_html/wp-content/plugins/woocommerce/includes/class-wc-shortcodes.php(85): WC_Shortcodes::shortcode_wrapper(Array)
#5 /home/stylecabbie/public_html/wp-includes/shortcodes.php(325): WC_Shortcodes::cart('', '', 'woocommerce_car...')
#6 [internal function]: do_shortcode_tag(Array)
#7 /home/stylecabbie/public_html/wp-in in /home/stylecabbie/public_html/wp-includes/wp-db.php on line 2166

2020-05-03T06:55:07+00:00 CRITICAL Uncaught Error: Using $this when not in object context in /home/stylecabbie/public_html/wp-includes/wp-db.php:2166
Stack trace:
#0 /home/stylecabbie/public_html/wp-content/plugins/woocommerce/templates/cart/cart.php(120): wpdb::insert('wp_iqonic_add_t...', Array)
#1 /home/stylecabbie/public_html/wp-content/plugins/woocommerce/includes/wc-core-functions.php(251): include('/home/stylecabb...')
#2 /home/stylecabbie/public_html/wp-content/plugins/woocommerce/includes/shortcodes/class-wc-shortcode-cart.php(99): wc_get_template('cart/cart.php')
#3 /home/stylecabbie/public_html/wp-content/plugins/woocommerce/includes/class-wc-shortcodes.php(72): WC_Shortcode_Cart::output(Array)
#4 /home/stylecabbie/public_html/wp-content/plugins/woocommerce/includes/class-wc-shortcodes.php(85): WC_Shortcodes::shortcode_wrapper(Array)
#5 /home/stylecabbie/public_html/wp-includes/shortcodes.php(325): WC_Shortcodes::cart('', '', 'woocommerce_car...')
#6 [internal function]: do_shortcode_tag(Array)
#7 /home/stylecabbie/public_html/wp-in in /home/stylecabbie/public_html/wp-includes/wp-db.php on line 2166

2020-05-03T06:56:53+00:00 CRITICAL Uncaught Error: Call to a member function insert() on null in /home/stylecabbie/public_html/wp-content/plugins/woocommerce/templates/cart/cart.php:120
Stack trace:
#0 /home/stylecabbie/public_html/wp-content/plugins/woocommerce/includes/wc-core-functions.php(251): include()
#1 /home/stylecabbie/public_html/wp-content/plugins/woocommerce/includes/shortcodes/class-wc-shortcode-cart.php(99): wc_get_template('cart/cart.php')
#2 /home/stylecabbie/public_html/wp-content/plugins/woocommerce/includes/class-wc-shortcodes.php(72): WC_Shortcode_Cart::output(Array)
#3 /home/stylecabbie/public_html/wp-content/plugins/woocommerce/includes/class-wc-shortcodes.php(85): WC_Shortcodes::shortcode_wrapper(Array)
#4 /home/stylecabbie/public_html/wp-includes/shortcodes.php(325): WC_Shortcodes::cart('', '', 'woocommerce_car...')
#5 [internal function]: do_shortcode_tag(Array)
#6 /home/stylecabbie/public_html/wp-includes/shortcodes.php(199): preg_replace_callback('/\\[(\\[?)(woocom...', 'do_shortcode_ta...', '[woocommerce_ca...')
#7 in /home/stylecabbie/public_html/wp-content/plugins/woocommerce/templates/cart/cart.php on line 120

2020-05-03T06:57:18+00:00 CRITICAL Uncaught Error: Call to a member function insert() on null in /home/stylecabbie/public_html/wp-content/plugins/woocommerce/templates/cart/cart.php:120
Stack trace:
#0 /home/stylecabbie/public_html/wp-content/plugins/woocommerce/includes/wc-core-functions.php(251): include()
#1 /home/stylecabbie/public_html/wp-content/plugins/woocommerce/includes/shortcodes/class-wc-shortcode-cart.php(99): wc_get_template('cart/cart.php')
#2 /home/stylecabbie/public_html/wp-content/plugins/woocommerce/includes/class-wc-shortcodes.php(72): WC_Shortcode_Cart::output(Array)
#3 /home/stylecabbie/public_html/wp-content/plugins/woocommerce/includes/class-wc-shortcodes.php(85): WC_Shortcodes::shortcode_wrapper(Array)
#4 /home/stylecabbie/public_html/wp-includes/shortcodes.php(325): WC_Shortcodes::cart('', '', 'woocommerce_car...')
#5 [internal function]: do_shortcode_tag(Array)
#6 /home/stylecabbie/public_html/wp-includes/shortcodes.php(199): preg_replace_callback('/\\[(\\[?)(woocom...', 'do_shortcode_ta...', '[woocommerce_ca...')
#7 in /home/stylecabbie/public_html/wp-content/plugins/woocommerce/templates/cart/cart.php on line 120

2020-05-03T07:00:04+00:00 CRITICAL Uncaught Error: Using $this when not in object context in /home/stylecabbie/public_html/wp-includes/wp-db.php:2167
Stack trace:
#0 /home/stylecabbie/public_html/wp-content/plugins/woocommerce/templates/cart/cart.php(120): wpdb::insert('wp_iqonic_add_t...', Array)
#1 /home/stylecabbie/public_html/wp-content/plugins/woocommerce/includes/wc-core-functions.php(251): include('/home/stylecabb...')
#2 /home/stylecabbie/public_html/wp-content/plugins/woocommerce/includes/shortcodes/class-wc-shortcode-cart.php(99): wc_get_template('cart/cart.php')
#3 /home/stylecabbie/public_html/wp-content/plugins/woocommerce/includes/class-wc-shortcodes.php(72): WC_Shortcode_Cart::output(Array)
#4 /home/stylecabbie/public_html/wp-content/plugins/woocommerce/includes/class-wc-shortcodes.php(85): WC_Shortcodes::shortcode_wrapper(Array)
#5 /home/stylecabbie/public_html/wp-includes/shortcodes.php(325): WC_Shortcodes::cart('', '', 'woocommerce_car...')
#6 [internal function]: do_shortcode_tag(Array)
#7 /home/stylecabbie/public_html/wp-in in /home/stylecabbie/public_html/wp-includes/wp-db.php on line 2167

2020-05-03T07:01:11+00:00 CRITICAL Uncaught Error: Using $this when not in object context in /home/stylecabbie/public_html/wp-includes/wp-db.php:2166
Stack trace:
#0 /home/stylecabbie/public_html/wp-content/plugins/woocommerce/templates/cart/cart.php(120): wpdb::insert('wp_iqonic_add_t...', Array)
#1 /home/stylecabbie/public_html/wp-content/plugins/woocommerce/includes/wc-core-functions.php(251): include('/home/stylecabb...')
#2 /home/stylecabbie/public_html/wp-content/plugins/woocommerce/includes/shortcodes/class-wc-shortcode-cart.php(99): wc_get_template('cart/cart.php')
#3 /home/stylecabbie/public_html/wp-content/plugins/woocommerce/includes/class-wc-shortcodes.php(72): WC_Shortcode_Cart::output(Array)
#4 /home/stylecabbie/public_html/wp-content/plugins/woocommerce/includes/class-wc-shortcodes.php(85): WC_Shortcodes::shortcode_wrapper(Array)
#5 /home/stylecabbie/public_html/wp-includes/shortcodes.php(325): WC_Shortcodes::cart('', '', 'woocommerce_car...')
#6 [internal function]: do_shortcode_tag(Array)
#7 /home/stylecabbie/public_html/wp-in in /home/stylecabbie/public_html/wp-includes/wp-db.php on line 2166

2020-05-03T07:02:06+00:00 CRITICAL Uncaught Error: Using $this when not in object context in /home/stylecabbie/public_html/wp-includes/wp-db.php:2166
Stack trace:
#0 /home/stylecabbie/public_html/wp-content/plugins/woocommerce/templates/cart/cart.php(120): wpdb::insert('wp_iqonic_add_t...', Array)
#1 /home/stylecabbie/public_html/wp-content/plugins/woocommerce/includes/wc-core-functions.php(251): include('/home/stylecabb...')
#2 /home/stylecabbie/public_html/wp-content/plugins/woocommerce/includes/shortcodes/class-wc-shortcode-cart.php(99): wc_get_template('cart/cart.php')
#3 /home/stylecabbie/public_html/wp-content/plugins/woocommerce/includes/class-wc-shortcodes.php(72): WC_Shortcode_Cart::output(Array)
#4 /home/stylecabbie/public_html/wp-content/plugins/woocommerce/includes/class-wc-shortcodes.php(85): WC_Shortcodes::shortcode_wrapper(Array)
#5 /home/stylecabbie/public_html/wp-includes/shortcodes.php(325): WC_Shortcodes::cart('', '', 'woocommerce_car...')
#6 [internal function]: do_shortcode_tag(Array)
#7 /home/stylecabbie/public_html/wp-in in /home/stylecabbie/public_html/wp-includes/wp-db.php on line 2166

2020-05-03T07:02:58+00:00 CRITICAL Uncaught Error: Using $this when not in object context in /home/stylecabbie/public_html/wp-includes/wp-db.php:2166
Stack trace:
#0 /home/stylecabbie/public_html/wp-content/plugins/woocommerce/templates/cart/cart.php(120): wpdb::insert('wp_iqonic_add_t...', Array)
#1 /home/stylecabbie/public_html/wp-content/plugins/woocommerce/includes/wc-core-functions.php(251): include('/home/stylecabb...')
#2 /home/stylecabbie/public_html/wp-content/plugins/woocommerce/includes/shortcodes/class-wc-shortcode-cart.php(99): wc_get_template('cart/cart.php')
#3 /home/stylecabbie/public_html/wp-content/plugins/woocommerce/includes/class-wc-shortcodes.php(72): WC_Shortcode_Cart::output(Array)
#4 /home/stylecabbie/public_html/wp-content/plugins/woocommerce/includes/class-wc-shortcodes.php(85): WC_Shortcodes::shortcode_wrapper(Array)
#5 /home/stylecabbie/public_html/wp-includes/shortcodes.php(325): WC_Shortcodes::cart('', '', 'woocommerce_car...')
#6 [internal function]: do_shortcode_tag(Array)
#7 /home/stylecabbie/public_html/wp-in in /home/stylecabbie/public_html/wp-includes/wp-db.php on line 2166

2020-05-03T07:04:12+00:00 CRITICAL Uncaught Error: Using $this when not in object context in /home/stylecabbie/public_html/wp-includes/wp-db.php:2167
Stack trace:
#0 /home/stylecabbie/public_html/wp-content/plugins/woocommerce/templates/cart/cart.php(120): wpdb::insert('wp_iqonic_add_t...', Array)
#1 /home/stylecabbie/public_html/wp-content/plugins/woocommerce/includes/wc-core-functions.php(251): include('/home/stylecabb...')
#2 /home/stylecabbie/public_html/wp-content/plugins/woocommerce/includes/shortcodes/class-wc-shortcode-cart.php(99): wc_get_template('cart/cart.php')
#3 /home/stylecabbie/public_html/wp-content/plugins/woocommerce/includes/class-wc-shortcodes.php(72): WC_Shortcode_Cart::output(Array)
#4 /home/stylecabbie/public_html/wp-content/plugins/woocommerce/includes/class-wc-shortcodes.php(85): WC_Shortcodes::shortcode_wrapper(Array)
#5 /home/stylecabbie/public_html/wp-includes/shortcodes.php(325): WC_Shortcodes::cart('', '', 'woocommerce_car...')
#6 [internal function]: do_shortcode_tag(Array)
#7 /home/stylecabbie/public_html/wp-in in /home/stylecabbie/public_html/wp-includes/wp-db.php on line 2167

2020-05-03T07:04:40+00:00 CRITICAL Uncaught Error: Using $this when not in object context in /home/stylecabbie/public_html/wp-includes/wp-db.php:2167
Stack trace:
#0 /home/stylecabbie/public_html/wp-content/plugins/woocommerce/templates/cart/cart.php(120): wpdb::insert('wp_iqonic_add_t...', Array)
#1 /home/stylecabbie/public_html/wp-content/plugins/woocommerce/includes/wc-core-functions.php(251): include('/home/stylecabb...')
#2 /home/stylecabbie/public_html/wp-content/plugins/woocommerce/includes/shortcodes/class-wc-shortcode-cart.php(99): wc_get_template('cart/cart.php')
#3 /home/stylecabbie/public_html/wp-content/plugins/woocommerce/includes/class-wc-shortcodes.php(72): WC_Shortcode_Cart::output(Array)
#4 /home/stylecabbie/public_html/wp-content/plugins/woocommerce/includes/class-wc-shortcodes.php(85): WC_Shortcodes::shortcode_wrapper(Array)
#5 /home/stylecabbie/public_html/wp-includes/shortcodes.php(325): WC_Shortcodes::cart('', '', 'woocommerce_car...')
#6 [internal function]: do_shortcode_tag(Array)
#7 /home/stylecabbie/public_html/wp-in in /home/stylecabbie/public_html/wp-includes/wp-db.php on line 2167

2020-05-03T07:04:42+00:00 CRITICAL Uncaught Error: Using $this when not in object context in /home/stylecabbie/public_html/wp-includes/wp-db.php:2167
Stack trace:
#0 /home/stylecabbie/public_html/wp-content/plugins/woocommerce/templates/cart/cart.php(120): wpdb::insert('wp_iqonic_add_t...', Array)
#1 /home/stylecabbie/public_html/wp-content/plugins/woocommerce/includes/wc-core-functions.php(251): include('/home/stylecabb...')
#2 /home/stylecabbie/public_html/wp-content/plugins/woocommerce/includes/shortcodes/class-wc-shortcode-cart.php(99): wc_get_template('cart/cart.php')
#3 /home/stylecabbie/public_html/wp-content/plugins/woocommerce/includes/class-wc-shortcodes.php(72): WC_Shortcode_Cart::output(Array)
#4 /home/stylecabbie/public_html/wp-content/plugins/woocommerce/includes/class-wc-shortcodes.php(85): WC_Shortcodes::shortcode_wrapper(Array)
#5 /home/stylecabbie/public_html/wp-includes/shortcodes.php(325): WC_Shortcodes::cart('', '', 'woocommerce_car...')
#6 [internal function]: do_shortcode_tag(Array)
#7 /home/stylecabbie/public_html/wp-in in /home/stylecabbie/public_html/wp-includes/wp-db.php on line 2167

2020-05-03T07:04:52+00:00 CRITICAL Uncaught Error: Using $this when not in object context in /home/stylecabbie/public_html/wp-includes/wp-db.php:2167
Stack trace:
#0 /home/stylecabbie/public_html/wp-content/plugins/woocommerce/templates/cart/cart.php(120): wpdb::insert('wp_iqonic_add_t...', Array)
#1 /home/stylecabbie/public_html/wp-content/plugins/woocommerce/includes/wc-core-functions.php(251): include('/home/stylecabb...')
#2 /home/stylecabbie/public_html/wp-content/plugins/woocommerce/includes/shortcodes/class-wc-shortcode-cart.php(99): wc_get_template('cart/cart.php')
#3 /home/stylecabbie/public_html/wp-content/plugins/woocommerce/includes/class-wc-shortcodes.php(72): WC_Shortcode_Cart::output(Array)
#4 /home/stylecabbie/public_html/wp-content/plugins/woocommerce/includes/class-wc-shortcodes.php(85): WC_Shortcodes::shortcode_wrapper(Array)
#5 /home/stylecabbie/public_html/wp-includes/shortcodes.php(325): WC_Shortcodes::cart('', '', 'woocommerce_car...')
#6 [internal function]: do_shortcode_tag(Array)
#7 /home/stylecabbie/public_html/wp-in in /home/stylecabbie/public_html/wp-includes/wp-db.php on line 2167

2020-05-03T07:10:44+00:00 CRITICAL Uncaught Error: Cannot use object of type WP_Error as array in /home/stylecabbie/public_html/wp-content/plugins/woobox-api/includes/api/v1/class.woobox.api.wishlist.route.php:84
Stack trace:
#0 /home/stylecabbie/public_html/wp-includes/rest-api/class-wp-rest-server.php(946): woobox_get_wishlist(Object(WP_REST_Request))
#1 /home/stylecabbie/public_html/wp-includes/rest-api/class-wp-rest-server.php(329): WP_REST_Server->dispatch(Object(WP_REST_Request))
#2 /home/stylecabbie/public_html/wp-includes/rest-api.php(305): WP_REST_Server->serve_request('/woobox-api/api...')
#3 /home/stylecabbie/public_html/wp-includes/class-wp-hook.php(288): rest_api_loaded(Object(WP))
#4 /home/stylecabbie/public_html/wp-includes/class-wp-hook.php(312): WP_Hook->apply_filters(NULL, Array)
#5 /home/stylecabbie/public_html/wp-includes/plugin.php(544): WP_Hook->do_action(Array)
#6 /home/stylecabbie/public_html/wp-includes/class-wp.php(387): do_action_ref_array('parse_request', Array)
#7 /home/stylecabbie/public_html/wp-includes/class-wp. in /home/stylecabbie/public_html/wp-content/plugins/woobox-api/includes/api/v1/class.woobox.api.wishlist.route.php on line 84

2020-05-03T07:10:45+00:00 CRITICAL syntax error, unexpected end of file in /home/stylecabbie/public_html/wp-content/plugins/woocommerce/templates/cart/cart.php on line 249

2020-05-03T07:11:39+00:00 CRITICAL syntax error, unexpected end of file in /home/stylecabbie/public_html/wp-content/plugins/woocommerce/templates/cart/cart.php on line 248

2020-05-03T07:11:46+00:00 CRITICAL syntax error, unexpected end of file in /home/stylecabbie/public_html/wp-content/plugins/woocommerce/templates/cart/cart.php on line 248

2020-05-03T07:16:06+00:00 CRITICAL Uncaught Error: Cannot use object of type WP_Error as array in /home/stylecabbie/public_html/wp-content/plugins/woobox-api/includes/api/v1/class.woobox.api.wishlist.route.php:84
Stack trace:
#0 /home/stylecabbie/public_html/wp-includes/rest-api/class-wp-rest-server.php(946): woobox_get_wishlist(Object(WP_REST_Request))
#1 /home/stylecabbie/public_html/wp-includes/rest-api/class-wp-rest-server.php(329): WP_REST_Server->dispatch(Object(WP_REST_Request))
#2 /home/stylecabbie/public_html/wp-includes/rest-api.php(305): WP_REST_Server->serve_request('/woobox-api/api...')
#3 /home/stylecabbie/public_html/wp-includes/class-wp-hook.php(288): rest_api_loaded(Object(WP))
#4 /home/stylecabbie/public_html/wp-includes/class-wp-hook.php(312): WP_Hook->apply_filters(NULL, Array)
#5 /home/stylecabbie/public_html/wp-includes/plugin.php(544): WP_Hook->do_action(Array)
#6 /home/stylecabbie/public_html/wp-includes/class-wp.php(387): do_action_ref_array('parse_request', Array)
#7 /home/stylecabbie/public_html/wp-includes/class-wp. in /home/stylecabbie/public_html/wp-content/plugins/woobox-api/includes/api/v1/class.woobox.api.wishlist.route.php on line 84

2020-05-03T07:30:18+00:00 CRITICAL Uncaught Error: Cannot use object of type WP_Error as array in /home/stylecabbie/public_html/wp-content/plugins/woobox-api/includes/api/v1/class.woobox.api.customer.route.php:340
Stack trace:
#0 /home/stylecabbie/public_html/wp-includes/rest-api/class-wp-rest-server.php(946): woobox_save_profile_image(Object(WP_REST_Request))
#1 /home/stylecabbie/public_html/wp-includes/rest-api/class-wp-rest-server.php(329): WP_REST_Server->dispatch(Object(WP_REST_Request))
#2 /home/stylecabbie/public_html/wp-includes/rest-api.php(305): WP_REST_Server->serve_request('/woobox-api/api...')
#3 /home/stylecabbie/public_html/wp-includes/class-wp-hook.php(288): rest_api_loaded(Object(WP))
#4 /home/stylecabbie/public_html/wp-includes/class-wp-hook.php(312): WP_Hook->apply_filters(NULL, Array)
#5 /home/stylecabbie/public_html/wp-includes/plugin.php(544): WP_Hook->do_action(Array)
#6 /home/stylecabbie/public_html/wp-includes/class-wp.php(387): do_action_ref_array('parse_request', Array)
#7 /home/stylecabbie/public_html/wp-includes/cl in /home/stylecabbie/public_html/wp-content/plugins/woobox-api/includes/api/v1/class.woobox.api.customer.route.php on line 340

