2020-04-29T05:26:31+00:00 CRITICAL Uncaught Error: Call to a member function date() on null in /home/stylecabbie/public_html/wp-content/plugins/woocommerce-admin/src/API/Reports/Customers/DataStore.php:613
Stack trace:
#0 /home/stylecabbie/public_html/wp-content/plugins/woocommerce-admin/src/Schedulers/CustomersScheduler.php(158): Automattic\WooCommerce\Admin\API\Reports\Customers\DataStore::update_registered_customer(0)
#1 [internal function]: Automattic\WooCommerce\Admin\Schedulers\CustomersScheduler::import(0)
#2 /home/stylecabbie/public_html/wp-content/plugins/woocommerce-admin/src/Schedulers/SchedulerTraits.php(274): call_user_func_array(Array, Array)
#3 /home/stylecabbie/public_html/wp-includes/class-wp-hook.php(288): Automattic\WooCommerce\Admin\Schedulers\ImportScheduler::do_action_or_reschedule(0)
#4 /home/stylecabbie/public_html/wp-includes/class-wp-hook.php(312): WP_Hook->apply_filters('', Array)
#5 /home/stylecabbie/public_html/wp-includes/plugin.php(544): WP_Hook->do_action(Array)
#6 /home/stylecabbie/public_html/wp-content/plugin in /home/stylecabbie/public_html/wp-content/plugins/woocommerce-admin/src/API/Reports/Customers/DataStore.php on line 613

2020-04-29T05:28:52+00:00 CRITICAL Uncaught Error: Call to a member function date() on null in /home/stylecabbie/public_html/wp-content/plugins/woocommerce-admin/src/API/Reports/Customers/DataStore.php:613
Stack trace:
#0 /home/stylecabbie/public_html/wp-content/plugins/woocommerce-admin/src/Schedulers/CustomersScheduler.php(158): Automattic\WooCommerce\Admin\API\Reports\Customers\DataStore::update_registered_customer(0)
#1 [internal function]: Automattic\WooCommerce\Admin\Schedulers\CustomersScheduler::import(0)
#2 /home/stylecabbie/public_html/wp-content/plugins/woocommerce-admin/src/Schedulers/SchedulerTraits.php(274): call_user_func_array(Array, Array)
#3 /home/stylecabbie/public_html/wp-includes/class-wp-hook.php(288): Automattic\WooCommerce\Admin\Schedulers\ImportScheduler::do_action_or_reschedule(0)
#4 /home/stylecabbie/public_html/wp-includes/class-wp-hook.php(312): WP_Hook->apply_filters('', Array)
#5 /home/stylecabbie/public_html/wp-includes/plugin.php(544): WP_Hook->do_action(Array)
#6 /home/stylecabbie/public_html/wp-content/plugin in /home/stylecabbie/public_html/wp-content/plugins/woocommerce-admin/src/API/Reports/Customers/DataStore.php on line 613

2020-04-29T05:45:03+00:00 CRITICAL Uncaught Error: Call to a member function date() on null in /home/stylecabbie/public_html/wp-content/plugins/woocommerce-admin/src/API/Reports/Customers/DataStore.php:613
Stack trace:
#0 /home/stylecabbie/public_html/wp-content/plugins/woocommerce-admin/src/Schedulers/CustomersScheduler.php(158): Automattic\WooCommerce\Admin\API\Reports\Customers\DataStore::update_registered_customer(0)
#1 [internal function]: Automattic\WooCommerce\Admin\Schedulers\CustomersScheduler::import(0)
#2 /home/stylecabbie/public_html/wp-content/plugins/woocommerce-admin/src/Schedulers/SchedulerTraits.php(274): call_user_func_array(Array, Array)
#3 /home/stylecabbie/public_html/wp-includes/class-wp-hook.php(288): Automattic\WooCommerce\Admin\Schedulers\ImportScheduler::do_action_or_reschedule(0)
#4 /home/stylecabbie/public_html/wp-includes/class-wp-hook.php(312): WP_Hook->apply_filters('', Array)
#5 /home/stylecabbie/public_html/wp-includes/plugin.php(544): WP_Hook->do_action(Array)
#6 /home/stylecabbie/public_html/wp-content/plugin in /home/stylecabbie/public_html/wp-content/plugins/woocommerce-admin/src/API/Reports/Customers/DataStore.php on line 613

2020-04-29T05:46:53+00:00 CRITICAL Uncaught Error: Call to a member function date() on null in /home/stylecabbie/public_html/wp-content/plugins/woocommerce-admin/src/API/Reports/Customers/DataStore.php:613
Stack trace:
#0 /home/stylecabbie/public_html/wp-content/plugins/woocommerce-admin/src/Schedulers/CustomersScheduler.php(158): Automattic\WooCommerce\Admin\API\Reports\Customers\DataStore::update_registered_customer(0)
#1 [internal function]: Automattic\WooCommerce\Admin\Schedulers\CustomersScheduler::import(0)
#2 /home/stylecabbie/public_html/wp-content/plugins/woocommerce-admin/src/Schedulers/SchedulerTraits.php(274): call_user_func_array(Array, Array)
#3 /home/stylecabbie/public_html/wp-includes/class-wp-hook.php(288): Automattic\WooCommerce\Admin\Schedulers\ImportScheduler::do_action_or_reschedule(0)
#4 /home/stylecabbie/public_html/wp-includes/class-wp-hook.php(312): WP_Hook->apply_filters('', Array)
#5 /home/stylecabbie/public_html/wp-includes/plugin.php(544): WP_Hook->do_action(Array)
#6 /home/stylecabbie/public_html/wp-content/plugin in /home/stylecabbie/public_html/wp-content/plugins/woocommerce-admin/src/API/Reports/Customers/DataStore.php on line 613

2020-04-29T07:19:12+00:00 CRITICAL Uncaught Error: Cannot use object of type WP_Error as array in /home/stylecabbie/public_html/wp-content/plugins/woobox-api/includes/api/v1/class.woobox.api.cart.route.php:57
Stack trace:
#0 /home/stylecabbie/public_html/wp-includes/rest-api/class-wp-rest-server.php(946): woobox_get_cart(Object(WP_REST_Request))
#1 /home/stylecabbie/public_html/wp-includes/rest-api/class-wp-rest-server.php(329): WP_REST_Server->dispatch(Object(WP_REST_Request))
#2 /home/stylecabbie/public_html/wp-includes/rest-api.php(305): WP_REST_Server->serve_request('/woobox-api/api...')
#3 /home/stylecabbie/public_html/wp-includes/class-wp-hook.php(288): rest_api_loaded(Object(WP))
#4 /home/stylecabbie/public_html/wp-includes/class-wp-hook.php(312): WP_Hook->apply_filters(NULL, Array)
#5 /home/stylecabbie/public_html/wp-includes/plugin.php(544): WP_Hook->do_action(Array)
#6 /home/stylecabbie/public_html/wp-includes/class-wp.php(387): do_action_ref_array('parse_request', Array)
#7 /home/stylecabbie/public_html/wp-includes/class-wp.php(729) in /home/stylecabbie/public_html/wp-content/plugins/woobox-api/includes/api/v1/class.woobox.api.cart.route.php on line 57

2020-04-29T07:20:55+00:00 CRITICAL Uncaught Error: Cannot use object of type WP_Error as array in /home/stylecabbie/public_html/wp-content/plugins/woobox-api/includes/api/v1/class.woobox.api.customer.route.php:252
Stack trace:
#0 /home/stylecabbie/public_html/wp-includes/rest-api/class-wp-rest-server.php(946): woobox_get_miltiple_address(Object(WP_REST_Request))
#1 /home/stylecabbie/public_html/wp-includes/rest-api/class-wp-rest-server.php(329): WP_REST_Server->dispatch(Object(WP_REST_Request))
#2 /home/stylecabbie/public_html/wp-includes/rest-api.php(305): WP_REST_Server->serve_request('/woobox-api/api...')
#3 /home/stylecabbie/public_html/wp-includes/class-wp-hook.php(288): rest_api_loaded(Object(WP))
#4 /home/stylecabbie/public_html/wp-includes/class-wp-hook.php(312): WP_Hook->apply_filters(NULL, Array)
#5 /home/stylecabbie/public_html/wp-includes/plugin.php(544): WP_Hook->do_action(Array)
#6 /home/stylecabbie/public_html/wp-includes/class-wp.php(387): do_action_ref_array('parse_request', Array)
#7 /home/stylecabbie/public_html/wp-includes/ in /home/stylecabbie/public_html/wp-content/plugins/woobox-api/includes/api/v1/class.woobox.api.customer.route.php on line 252

2020-04-29T11:00:48+00:00 CRITICAL Uncaught Error: Cannot use object of type WP_Error as array in /home/stylecabbie/public_html/wp-content/plugins/woobox-api/includes/api/v1/class.woobox.api.cart.route.php:57
Stack trace:
#0 /home/stylecabbie/public_html/wp-includes/rest-api/class-wp-rest-server.php(946): woobox_get_cart(Object(WP_REST_Request))
#1 /home/stylecabbie/public_html/wp-includes/rest-api/class-wp-rest-server.php(329): WP_REST_Server->dispatch(Object(WP_REST_Request))
#2 /home/stylecabbie/public_html/wp-includes/rest-api.php(305): WP_REST_Server->serve_request('/woobox-api/api...')
#3 /home/stylecabbie/public_html/wp-includes/class-wp-hook.php(288): rest_api_loaded(Object(WP))
#4 /home/stylecabbie/public_html/wp-includes/class-wp-hook.php(312): WP_Hook->apply_filters(NULL, Array)
#5 /home/stylecabbie/public_html/wp-includes/plugin.php(544): WP_Hook->do_action(Array)
#6 /home/stylecabbie/public_html/wp-includes/class-wp.php(387): do_action_ref_array('parse_request', Array)
#7 /home/stylecabbie/public_html/wp-includes/class-wp.php(729) in /home/stylecabbie/public_html/wp-content/plugins/woobox-api/includes/api/v1/class.woobox.api.cart.route.php on line 57

2020-04-29T11:31:24+00:00 CRITICAL Uncaught Error: Cannot use object of type WP_Error as array in /home/stylecabbie/public_html/wp-content/plugins/woobox-api/includes/api/v1/class.woobox.api.cart.route.php:57
Stack trace:
#0 /home/stylecabbie/public_html/wp-includes/rest-api/class-wp-rest-server.php(946): woobox_get_cart(Object(WP_REST_Request))
#1 /home/stylecabbie/public_html/wp-includes/rest-api/class-wp-rest-server.php(329): WP_REST_Server->dispatch(Object(WP_REST_Request))
#2 /home/stylecabbie/public_html/wp-includes/rest-api.php(305): WP_REST_Server->serve_request('/woobox-api/api...')
#3 /home/stylecabbie/public_html/wp-includes/class-wp-hook.php(288): rest_api_loaded(Object(WP))
#4 /home/stylecabbie/public_html/wp-includes/class-wp-hook.php(312): WP_Hook->apply_filters(NULL, Array)
#5 /home/stylecabbie/public_html/wp-includes/plugin.php(544): WP_Hook->do_action(Array)
#6 /home/stylecabbie/public_html/wp-includes/class-wp.php(387): do_action_ref_array('parse_request', Array)
#7 /home/stylecabbie/public_html/wp-includes/class-wp.php(729) in /home/stylecabbie/public_html/wp-content/plugins/woobox-api/includes/api/v1/class.woobox.api.cart.route.php on line 57

2020-04-29T11:45:07+00:00 CRITICAL Uncaught Error: Cannot use object of type WP_Error as array in /home/stylecabbie/public_html/wp-content/plugins/woobox-api/includes/api/v1/class.woobox.api.cart.route.php:57
Stack trace:
#0 /home/stylecabbie/public_html/wp-includes/rest-api/class-wp-rest-server.php(946): woobox_get_cart(Object(WP_REST_Request))
#1 /home/stylecabbie/public_html/wp-includes/rest-api/class-wp-rest-server.php(329): WP_REST_Server->dispatch(Object(WP_REST_Request))
#2 /home/stylecabbie/public_html/wp-includes/rest-api.php(305): WP_REST_Server->serve_request('/woobox-api/api...')
#3 /home/stylecabbie/public_html/wp-includes/class-wp-hook.php(288): rest_api_loaded(Object(WP))
#4 /home/stylecabbie/public_html/wp-includes/class-wp-hook.php(312): WP_Hook->apply_filters(NULL, Array)
#5 /home/stylecabbie/public_html/wp-includes/plugin.php(544): WP_Hook->do_action(Array)
#6 /home/stylecabbie/public_html/wp-includes/class-wp.php(387): do_action_ref_array('parse_request', Array)
#7 /home/stylecabbie/public_html/wp-includes/class-wp.php(729) in /home/stylecabbie/public_html/wp-content/plugins/woobox-api/includes/api/v1/class.woobox.api.cart.route.php on line 57

2020-04-29T12:12:24+00:00 CRITICAL Uncaught Error: Cannot use object of type WP_Error as array in /home/stylecabbie/public_html/wp-content/plugins/woobox-api/includes/api/v1/class.woobox.api.wishlist.route.php:84
Stack trace:
#0 /home/stylecabbie/public_html/wp-includes/rest-api/class-wp-rest-server.php(946): woobox_get_wishlist(Object(WP_REST_Request))
#1 /home/stylecabbie/public_html/wp-includes/rest-api/class-wp-rest-server.php(329): WP_REST_Server->dispatch(Object(WP_REST_Request))
#2 /home/stylecabbie/public_html/wp-includes/rest-api.php(305): WP_REST_Server->serve_request('/woobox-api/api...')
#3 /home/stylecabbie/public_html/wp-includes/class-wp-hook.php(288): rest_api_loaded(Object(WP))
#4 /home/stylecabbie/public_html/wp-includes/class-wp-hook.php(312): WP_Hook->apply_filters(NULL, Array)
#5 /home/stylecabbie/public_html/wp-includes/plugin.php(544): WP_Hook->do_action(Array)
#6 /home/stylecabbie/public_html/wp-includes/class-wp.php(387): do_action_ref_array('parse_request', Array)
#7 /home/stylecabbie/public_html/wp-includes/class-wp. in /home/stylecabbie/public_html/wp-content/plugins/woobox-api/includes/api/v1/class.woobox.api.wishlist.route.php on line 84

2020-04-29T12:12:30+00:00 CRITICAL Uncaught Error: Cannot use object of type WP_Error as array in /home/stylecabbie/public_html/wp-content/plugins/woobox-api/includes/api/v1/class.woobox.api.cart.route.php:57
Stack trace:
#0 /home/stylecabbie/public_html/wp-includes/rest-api/class-wp-rest-server.php(946): woobox_get_cart(Object(WP_REST_Request))
#1 /home/stylecabbie/public_html/wp-includes/rest-api/class-wp-rest-server.php(329): WP_REST_Server->dispatch(Object(WP_REST_Request))
#2 /home/stylecabbie/public_html/wp-includes/rest-api.php(305): WP_REST_Server->serve_request('/woobox-api/api...')
#3 /home/stylecabbie/public_html/wp-includes/class-wp-hook.php(288): rest_api_loaded(Object(WP))
#4 /home/stylecabbie/public_html/wp-includes/class-wp-hook.php(312): WP_Hook->apply_filters(NULL, Array)
#5 /home/stylecabbie/public_html/wp-includes/plugin.php(544): WP_Hook->do_action(Array)
#6 /home/stylecabbie/public_html/wp-includes/class-wp.php(387): do_action_ref_array('parse_request', Array)
#7 /home/stylecabbie/public_html/wp-includes/class-wp.php(729) in /home/stylecabbie/public_html/wp-content/plugins/woobox-api/includes/api/v1/class.woobox.api.cart.route.php on line 57

2020-04-29T12:12:30+00:00 CRITICAL Uncaught Error: Cannot use object of type WP_Error as array in /home/stylecabbie/public_html/wp-content/plugins/woobox-api/includes/api/v1/class.woobox.api.cart.route.php:57
Stack trace:
#0 /home/stylecabbie/public_html/wp-includes/rest-api/class-wp-rest-server.php(946): woobox_get_cart(Object(WP_REST_Request))
#1 /home/stylecabbie/public_html/wp-includes/rest-api/class-wp-rest-server.php(329): WP_REST_Server->dispatch(Object(WP_REST_Request))
#2 /home/stylecabbie/public_html/wp-includes/rest-api.php(305): WP_REST_Server->serve_request('/woobox-api/api...')
#3 /home/stylecabbie/public_html/wp-includes/class-wp-hook.php(288): rest_api_loaded(Object(WP))
#4 /home/stylecabbie/public_html/wp-includes/class-wp-hook.php(312): WP_Hook->apply_filters(NULL, Array)
#5 /home/stylecabbie/public_html/wp-includes/plugin.php(544): WP_Hook->do_action(Array)
#6 /home/stylecabbie/public_html/wp-includes/class-wp.php(387): do_action_ref_array('parse_request', Array)
#7 /home/stylecabbie/public_html/wp-includes/class-wp.php(729) in /home/stylecabbie/public_html/wp-content/plugins/woobox-api/includes/api/v1/class.woobox.api.cart.route.php on line 57

2020-04-29T12:46:34+00:00 CRITICAL Uncaught Error: Cannot use object of type WP_Error as array in /home/stylecabbie/public_html/wp-content/plugins/woobox-api/includes/api/v1/class.woobox.api.cart.route.php:57
Stack trace:
#0 /home/stylecabbie/public_html/wp-includes/rest-api/class-wp-rest-server.php(946): woobox_get_cart(Object(WP_REST_Request))
#1 /home/stylecabbie/public_html/wp-includes/rest-api/class-wp-rest-server.php(329): WP_REST_Server->dispatch(Object(WP_REST_Request))
#2 /home/stylecabbie/public_html/wp-includes/rest-api.php(305): WP_REST_Server->serve_request('/woobox-api/api...')
#3 /home/stylecabbie/public_html/wp-includes/class-wp-hook.php(288): rest_api_loaded(Object(WP))
#4 /home/stylecabbie/public_html/wp-includes/class-wp-hook.php(312): WP_Hook->apply_filters(NULL, Array)
#5 /home/stylecabbie/public_html/wp-includes/plugin.php(544): WP_Hook->do_action(Array)
#6 /home/stylecabbie/public_html/wp-includes/class-wp.php(387): do_action_ref_array('parse_request', Array)
#7 /home/stylecabbie/public_html/wp-includes/class-wp.php(729) in /home/stylecabbie/public_html/wp-content/plugins/woobox-api/includes/api/v1/class.woobox.api.cart.route.php on line 57

2020-04-29T12:46:35+00:00 CRITICAL Uncaught Error: Cannot use object of type WP_Error as array in /home/stylecabbie/public_html/wp-content/plugins/woobox-api/includes/api/v1/class.woobox.api.cart.route.php:57
Stack trace:
#0 /home/stylecabbie/public_html/wp-includes/rest-api/class-wp-rest-server.php(946): woobox_get_cart(Object(WP_REST_Request))
#1 /home/stylecabbie/public_html/wp-includes/rest-api/class-wp-rest-server.php(329): WP_REST_Server->dispatch(Object(WP_REST_Request))
#2 /home/stylecabbie/public_html/wp-includes/rest-api.php(305): WP_REST_Server->serve_request('/woobox-api/api...')
#3 /home/stylecabbie/public_html/wp-includes/class-wp-hook.php(288): rest_api_loaded(Object(WP))
#4 /home/stylecabbie/public_html/wp-includes/class-wp-hook.php(312): WP_Hook->apply_filters(NULL, Array)
#5 /home/stylecabbie/public_html/wp-includes/plugin.php(544): WP_Hook->do_action(Array)
#6 /home/stylecabbie/public_html/wp-includes/class-wp.php(387): do_action_ref_array('parse_request', Array)
#7 /home/stylecabbie/public_html/wp-includes/class-wp.php(729) in /home/stylecabbie/public_html/wp-content/plugins/woobox-api/includes/api/v1/class.woobox.api.cart.route.php on line 57

2020-04-29T12:55:07+00:00 CRITICAL Uncaught Error: Cannot use object of type WP_Error as array in /home/stylecabbie/public_html/wp-content/plugins/woobox-api/includes/api/v1/class.woobox.api.cart.route.php:57
Stack trace:
#0 /home/stylecabbie/public_html/wp-includes/rest-api/class-wp-rest-server.php(946): woobox_get_cart(Object(WP_REST_Request))
#1 /home/stylecabbie/public_html/wp-includes/rest-api/class-wp-rest-server.php(329): WP_REST_Server->dispatch(Object(WP_REST_Request))
#2 /home/stylecabbie/public_html/wp-includes/rest-api.php(305): WP_REST_Server->serve_request('/woobox-api/api...')
#3 /home/stylecabbie/public_html/wp-includes/class-wp-hook.php(288): rest_api_loaded(Object(WP))
#4 /home/stylecabbie/public_html/wp-includes/class-wp-hook.php(312): WP_Hook->apply_filters(NULL, Array)
#5 /home/stylecabbie/public_html/wp-includes/plugin.php(544): WP_Hook->do_action(Array)
#6 /home/stylecabbie/public_html/wp-includes/class-wp.php(387): do_action_ref_array('parse_request', Array)
#7 /home/stylecabbie/public_html/wp-includes/class-wp.php(729) in /home/stylecabbie/public_html/wp-content/plugins/woobox-api/includes/api/v1/class.woobox.api.cart.route.php on line 57

2020-04-29T13:09:32+00:00 CRITICAL Uncaught Error: Cannot use object of type WP_Error as array in /home/stylecabbie/public_html/wp-content/plugins/woobox-api/includes/api/v1/class.woobox.api.cart.route.php:57
Stack trace:
#0 /home/stylecabbie/public_html/wp-includes/rest-api/class-wp-rest-server.php(946): woobox_get_cart(Object(WP_REST_Request))
#1 /home/stylecabbie/public_html/wp-includes/rest-api/class-wp-rest-server.php(329): WP_REST_Server->dispatch(Object(WP_REST_Request))
#2 /home/stylecabbie/public_html/wp-includes/rest-api.php(305): WP_REST_Server->serve_request('/woobox-api/api...')
#3 /home/stylecabbie/public_html/wp-includes/class-wp-hook.php(288): rest_api_loaded(Object(WP))
#4 /home/stylecabbie/public_html/wp-includes/class-wp-hook.php(312): WP_Hook->apply_filters(NULL, Array)
#5 /home/stylecabbie/public_html/wp-includes/plugin.php(544): WP_Hook->do_action(Array)
#6 /home/stylecabbie/public_html/wp-includes/class-wp.php(387): do_action_ref_array('parse_request', Array)
#7 /home/stylecabbie/public_html/wp-includes/class-wp.php(729) in /home/stylecabbie/public_html/wp-content/plugins/woobox-api/includes/api/v1/class.woobox.api.cart.route.php on line 57

2020-04-29T13:09:33+00:00 CRITICAL Uncaught Error: Cannot use object of type WP_Error as array in /home/stylecabbie/public_html/wp-content/plugins/woobox-api/includes/api/v1/class.woobox.api.cart.route.php:57
Stack trace:
#0 /home/stylecabbie/public_html/wp-includes/rest-api/class-wp-rest-server.php(946): woobox_get_cart(Object(WP_REST_Request))
#1 /home/stylecabbie/public_html/wp-includes/rest-api/class-wp-rest-server.php(329): WP_REST_Server->dispatch(Object(WP_REST_Request))
#2 /home/stylecabbie/public_html/wp-includes/rest-api.php(305): WP_REST_Server->serve_request('/woobox-api/api...')
#3 /home/stylecabbie/public_html/wp-includes/class-wp-hook.php(288): rest_api_loaded(Object(WP))
#4 /home/stylecabbie/public_html/wp-includes/class-wp-hook.php(312): WP_Hook->apply_filters(NULL, Array)
#5 /home/stylecabbie/public_html/wp-includes/plugin.php(544): WP_Hook->do_action(Array)
#6 /home/stylecabbie/public_html/wp-includes/class-wp.php(387): do_action_ref_array('parse_request', Array)
#7 /home/stylecabbie/public_html/wp-includes/class-wp.php(729) in /home/stylecabbie/public_html/wp-content/plugins/woobox-api/includes/api/v1/class.woobox.api.cart.route.php on line 57

2020-04-29T13:09:52+00:00 CRITICAL Uncaught Error: Cannot use object of type WP_Error as array in /home/stylecabbie/public_html/wp-content/plugins/woobox-api/includes/api/v1/class.woobox.api.cart.route.php:57
Stack trace:
#0 /home/stylecabbie/public_html/wp-includes/rest-api/class-wp-rest-server.php(946): woobox_get_cart(Object(WP_REST_Request))
#1 /home/stylecabbie/public_html/wp-includes/rest-api/class-wp-rest-server.php(329): WP_REST_Server->dispatch(Object(WP_REST_Request))
#2 /home/stylecabbie/public_html/wp-includes/rest-api.php(305): WP_REST_Server->serve_request('/woobox-api/api...')
#3 /home/stylecabbie/public_html/wp-includes/class-wp-hook.php(288): rest_api_loaded(Object(WP))
#4 /home/stylecabbie/public_html/wp-includes/class-wp-hook.php(312): WP_Hook->apply_filters(NULL, Array)
#5 /home/stylecabbie/public_html/wp-includes/plugin.php(544): WP_Hook->do_action(Array)
#6 /home/stylecabbie/public_html/wp-includes/class-wp.php(387): do_action_ref_array('parse_request', Array)
#7 /home/stylecabbie/public_html/wp-includes/class-wp.php(729) in /home/stylecabbie/public_html/wp-content/plugins/woobox-api/includes/api/v1/class.woobox.api.cart.route.php on line 57

2020-04-29T13:24:04+00:00 CRITICAL Uncaught Error: Cannot use object of type WP_Error as array in /home/stylecabbie/public_html/wp-content/plugins/woobox-api/includes/api/v1/class.woobox.api.wishlist.route.php:84
Stack trace:
#0 /home/stylecabbie/public_html/wp-includes/rest-api/class-wp-rest-server.php(946): woobox_get_wishlist(Object(WP_REST_Request))
#1 /home/stylecabbie/public_html/wp-includes/rest-api/class-wp-rest-server.php(329): WP_REST_Server->dispatch(Object(WP_REST_Request))
#2 /home/stylecabbie/public_html/wp-includes/rest-api.php(305): WP_REST_Server->serve_request('/woobox-api/api...')
#3 /home/stylecabbie/public_html/wp-includes/class-wp-hook.php(288): rest_api_loaded(Object(WP))
#4 /home/stylecabbie/public_html/wp-includes/class-wp-hook.php(312): WP_Hook->apply_filters(NULL, Array)
#5 /home/stylecabbie/public_html/wp-includes/plugin.php(544): WP_Hook->do_action(Array)
#6 /home/stylecabbie/public_html/wp-includes/class-wp.php(387): do_action_ref_array('parse_request', Array)
#7 /home/stylecabbie/public_html/wp-includes/class-wp. in /home/stylecabbie/public_html/wp-content/plugins/woobox-api/includes/api/v1/class.woobox.api.wishlist.route.php on line 84

2020-04-29T13:24:04+00:00 CRITICAL Uncaught Error: Cannot use object of type WP_Error as array in /home/stylecabbie/public_html/wp-content/plugins/woobox-api/includes/api/v1/class.woobox.api.cart.route.php:57
Stack trace:
#0 /home/stylecabbie/public_html/wp-includes/rest-api/class-wp-rest-server.php(946): woobox_get_cart(Object(WP_REST_Request))
#1 /home/stylecabbie/public_html/wp-includes/rest-api/class-wp-rest-server.php(329): WP_REST_Server->dispatch(Object(WP_REST_Request))
#2 /home/stylecabbie/public_html/wp-includes/rest-api.php(305): WP_REST_Server->serve_request('/woobox-api/api...')
#3 /home/stylecabbie/public_html/wp-includes/class-wp-hook.php(288): rest_api_loaded(Object(WP))
#4 /home/stylecabbie/public_html/wp-includes/class-wp-hook.php(312): WP_Hook->apply_filters(NULL, Array)
#5 /home/stylecabbie/public_html/wp-includes/plugin.php(544): WP_Hook->do_action(Array)
#6 /home/stylecabbie/public_html/wp-includes/class-wp.php(387): do_action_ref_array('parse_request', Array)
#7 /home/stylecabbie/public_html/wp-includes/class-wp.php(729) in /home/stylecabbie/public_html/wp-content/plugins/woobox-api/includes/api/v1/class.woobox.api.cart.route.php on line 57

2020-04-29T13:25:01+00:00 CRITICAL Uncaught Error: Cannot use object of type WP_Error as array in /home/stylecabbie/public_html/wp-content/plugins/woobox-api/includes/api/v1/class.woobox.api.wishlist.route.php:84
Stack trace:
#0 /home/stylecabbie/public_html/wp-includes/rest-api/class-wp-rest-server.php(946): woobox_get_wishlist(Object(WP_REST_Request))
#1 /home/stylecabbie/public_html/wp-includes/rest-api/class-wp-rest-server.php(329): WP_REST_Server->dispatch(Object(WP_REST_Request))
#2 /home/stylecabbie/public_html/wp-includes/rest-api.php(305): WP_REST_Server->serve_request('/woobox-api/api...')
#3 /home/stylecabbie/public_html/wp-includes/class-wp-hook.php(288): rest_api_loaded(Object(WP))
#4 /home/stylecabbie/public_html/wp-includes/class-wp-hook.php(312): WP_Hook->apply_filters(NULL, Array)
#5 /home/stylecabbie/public_html/wp-includes/plugin.php(544): WP_Hook->do_action(Array)
#6 /home/stylecabbie/public_html/wp-includes/class-wp.php(387): do_action_ref_array('parse_request', Array)
#7 /home/stylecabbie/public_html/wp-includes/class-wp. in /home/stylecabbie/public_html/wp-content/plugins/woobox-api/includes/api/v1/class.woobox.api.wishlist.route.php on line 84

2020-04-29T13:55:36+00:00 CRITICAL Uncaught Error: Cannot use object of type WP_Error as array in /home/stylecabbie/public_html/wp-content/plugins/woobox-api/includes/api/v1/class.woobox.api.cart.route.php:57
Stack trace:
#0 /home/stylecabbie/public_html/wp-includes/rest-api/class-wp-rest-server.php(946): woobox_get_cart(Object(WP_REST_Request))
#1 /home/stylecabbie/public_html/wp-includes/rest-api/class-wp-rest-server.php(329): WP_REST_Server->dispatch(Object(WP_REST_Request))
#2 /home/stylecabbie/public_html/wp-includes/rest-api.php(305): WP_REST_Server->serve_request('/woobox-api/api...')
#3 /home/stylecabbie/public_html/wp-includes/class-wp-hook.php(288): rest_api_loaded(Object(WP))
#4 /home/stylecabbie/public_html/wp-includes/class-wp-hook.php(312): WP_Hook->apply_filters(NULL, Array)
#5 /home/stylecabbie/public_html/wp-includes/plugin.php(544): WP_Hook->do_action(Array)
#6 /home/stylecabbie/public_html/wp-includes/class-wp.php(387): do_action_ref_array('parse_request', Array)
#7 /home/stylecabbie/public_html/wp-includes/class-wp.php(729) in /home/stylecabbie/public_html/wp-content/plugins/woobox-api/includes/api/v1/class.woobox.api.cart.route.php on line 57

2020-04-29T13:56:03+00:00 CRITICAL Uncaught Error: Cannot use object of type WP_Error as array in /home/stylecabbie/public_html/wp-content/plugins/woobox-api/includes/api/v1/class.woobox.api.cart.route.php:57
Stack trace:
#0 /home/stylecabbie/public_html/wp-includes/rest-api/class-wp-rest-server.php(946): woobox_get_cart(Object(WP_REST_Request))
#1 /home/stylecabbie/public_html/wp-includes/rest-api/class-wp-rest-server.php(329): WP_REST_Server->dispatch(Object(WP_REST_Request))
#2 /home/stylecabbie/public_html/wp-includes/rest-api.php(305): WP_REST_Server->serve_request('/woobox-api/api...')
#3 /home/stylecabbie/public_html/wp-includes/class-wp-hook.php(288): rest_api_loaded(Object(WP))
#4 /home/stylecabbie/public_html/wp-includes/class-wp-hook.php(312): WP_Hook->apply_filters(NULL, Array)
#5 /home/stylecabbie/public_html/wp-includes/plugin.php(544): WP_Hook->do_action(Array)
#6 /home/stylecabbie/public_html/wp-includes/class-wp.php(387): do_action_ref_array('parse_request', Array)
#7 /home/stylecabbie/public_html/wp-includes/class-wp.php(729) in /home/stylecabbie/public_html/wp-content/plugins/woobox-api/includes/api/v1/class.woobox.api.cart.route.php on line 57

2020-04-29T13:56:04+00:00 CRITICAL Uncaught Error: Cannot use object of type WP_Error as array in /home/stylecabbie/public_html/wp-content/plugins/woobox-api/includes/api/v1/class.woobox.api.cart.route.php:57
Stack trace:
#0 /home/stylecabbie/public_html/wp-includes/rest-api/class-wp-rest-server.php(946): woobox_get_cart(Object(WP_REST_Request))
#1 /home/stylecabbie/public_html/wp-includes/rest-api/class-wp-rest-server.php(329): WP_REST_Server->dispatch(Object(WP_REST_Request))
#2 /home/stylecabbie/public_html/wp-includes/rest-api.php(305): WP_REST_Server->serve_request('/woobox-api/api...')
#3 /home/stylecabbie/public_html/wp-includes/class-wp-hook.php(288): rest_api_loaded(Object(WP))
#4 /home/stylecabbie/public_html/wp-includes/class-wp-hook.php(312): WP_Hook->apply_filters(NULL, Array)
#5 /home/stylecabbie/public_html/wp-includes/plugin.php(544): WP_Hook->do_action(Array)
#6 /home/stylecabbie/public_html/wp-includes/class-wp.php(387): do_action_ref_array('parse_request', Array)
#7 /home/stylecabbie/public_html/wp-includes/class-wp.php(729) in /home/stylecabbie/public_html/wp-content/plugins/woobox-api/includes/api/v1/class.woobox.api.cart.route.php on line 57

2020-04-29T14:09:16+00:00 CRITICAL Uncaught Error: Cannot use object of type WP_Error as array in /home/stylecabbie/public_html/wp-content/plugins/woobox-api/includes/api/v1/class.woobox.api.cart.route.php:57
Stack trace:
#0 /home/stylecabbie/public_html/wp-includes/rest-api/class-wp-rest-server.php(946): woobox_get_cart(Object(WP_REST_Request))
#1 /home/stylecabbie/public_html/wp-includes/rest-api/class-wp-rest-server.php(329): WP_REST_Server->dispatch(Object(WP_REST_Request))
#2 /home/stylecabbie/public_html/wp-includes/rest-api.php(305): WP_REST_Server->serve_request('/woobox-api/api...')
#3 /home/stylecabbie/public_html/wp-includes/class-wp-hook.php(288): rest_api_loaded(Object(WP))
#4 /home/stylecabbie/public_html/wp-includes/class-wp-hook.php(312): WP_Hook->apply_filters(NULL, Array)
#5 /home/stylecabbie/public_html/wp-includes/plugin.php(544): WP_Hook->do_action(Array)
#6 /home/stylecabbie/public_html/wp-includes/class-wp.php(387): do_action_ref_array('parse_request', Array)
#7 /home/stylecabbie/public_html/wp-includes/class-wp.php(729) in /home/stylecabbie/public_html/wp-content/plugins/woobox-api/includes/api/v1/class.woobox.api.cart.route.php on line 57

2020-04-29T14:25:52+00:00 CRITICAL Uncaught Error: Cannot use object of type WP_Error as array in /home/stylecabbie/public_html/wp-content/plugins/woobox-api/includes/api/v1/class.woobox.api.cart.route.php:57
Stack trace:
#0 /home/stylecabbie/public_html/wp-includes/rest-api/class-wp-rest-server.php(946): woobox_get_cart(Object(WP_REST_Request))
#1 /home/stylecabbie/public_html/wp-includes/rest-api/class-wp-rest-server.php(329): WP_REST_Server->dispatch(Object(WP_REST_Request))
#2 /home/stylecabbie/public_html/wp-includes/rest-api.php(305): WP_REST_Server->serve_request('/woobox-api/api...')
#3 /home/stylecabbie/public_html/wp-includes/class-wp-hook.php(288): rest_api_loaded(Object(WP))
#4 /home/stylecabbie/public_html/wp-includes/class-wp-hook.php(312): WP_Hook->apply_filters(NULL, Array)
#5 /home/stylecabbie/public_html/wp-includes/plugin.php(544): WP_Hook->do_action(Array)
#6 /home/stylecabbie/public_html/wp-includes/class-wp.php(387): do_action_ref_array('parse_request', Array)
#7 /home/stylecabbie/public_html/wp-includes/class-wp.php(729) in /home/stylecabbie/public_html/wp-content/plugins/woobox-api/includes/api/v1/class.woobox.api.cart.route.php on line 57

