"/home/stylecabbie/public_html/wp-content/uploads/2020/03/stylecabbie-logo_5.png"="/home/stylecabbie/public_html/wp-content/uploads/2020/03/stylecabbie-logo_5.png.orig"
"/home/stylecabbie/public_html/wp-content/uploads/2020/03/stylecabbie-logo_5.png"="/home/stylecabbie/public_html/wp-content/uploads/2020/03/stylecabbie-logo_5.png.orig"
""="/home/stylecabbie/public_html/wp-content/uploads/2020/03/stylecabbie-logo_5-360x79.png"
""="/home/stylecabbie/public_html/wp-content/uploads/2020/03/stylecabbie-logo_5-320x71.png"
""="/home/stylecabbie/public_html/wp-content/uploads/2020/03/stylecabbie-logo_5-298x66.png"
""="/home/stylecabbie/public_html/wp-content/uploads/2020/03/stylecabbie-logo_5-298x66.png"
"/home/stylecabbie/public_html/wp-content/plugins/a3-lazy-load/assets/images/lazy_placeholder.gif"="/home/stylecabbie/public_html/wp-content/plugins/a3-lazy-load/assets/images/lazy_placeholder.gif.orig"
"/home/stylecabbie/public_html/wp-content/plugins/a3-lazy-load/assets/images/lazy_placeholder.gif"="/home/stylecabbie/public_html/wp-content/plugins/a3-lazy-load/assets/images/lazy_placeholder.gif.orig"
""="/home/stylecabbie/public_html/wp-content/uploads/elementor/thumbs/94758582_2859998490733990_1303314075148615680_n-oojf3vr552pyilki1tr9s2b8qkx9a221n1wui772jm-360x221.jpg"
""="/home/stylecabbie/public_html/wp-content/uploads/elementor/thumbs/94758582_2859998490733990_1303314075148615680_n-oojf3vr552pyilki1tr9s2b8qkx9a221n1wui772jm-360x221.jpg"
""="/home/stylecabbie/public_html/wp-content/uploads/elementor/thumbs/94758582_2859998490733990_1303314075148615680_n-oojf3vr552pyilki1tr9s2b8qkx9a221n1wui772jm-320x196.jpg"
""="/home/stylecabbie/public_html/wp-content/uploads/elementor/thumbs/94758582_2859998490733990_1303314075148615680_n-oojf3vr552pyilki1tr9s2b8qkx9a221n1wui772jm-320x196.jpg"
""="/home/stylecabbie/public_html/wp-content/uploads/elementor/thumbs/94758582_2859998490733990_1303314075148615680_n-oojf3vr552pyilki1tr9s2b8qkx9a221n1wui772jm-298x183.jpg"
""="/home/stylecabbie/public_html/wp-content/uploads/elementor/thumbs/94758582_2859998490733990_1303314075148615680_n-oojf3vr552pyilki1tr9s2b8qkx9a221n1wui772jm-298x183.jpg"
""="/home/stylecabbie/public_html/wp-content/plugins/a3-lazy-load/assets/images/lazy_placeholder-362x224.gif"
""="/home/stylecabbie/public_html/wp-content/uploads/2020/04/94138161_2859843510749488_1258873619040174080_n-300x300-298x298.jpg"
""="/home/stylecabbie/public_html/wp-content/uploads/2020/04/94138161_2859843510749488_1258873619040174080_n-300x300-298x298.jpg"
""="/home/stylecabbie/public_html/wp-content/uploads/2020/04/94257171_2859843304082842_973238562776416256_n-300x300-298x298.jpg"
""="/home/stylecabbie/public_html/wp-content/uploads/2020/03/94597231_2859846387415867_4202420650670817280_n-300x300-298x298.jpg"
""="/home/stylecabbie/public_html/wp-content/uploads/2020/03/94597231_2859846387415867_4202420650670817280_n-300x300-298x298.jpg"
""="/home/stylecabbie/public_html/wp-content/uploads/2020/04/aaa-1-300x300-298x298.png"
""="/home/stylecabbie/public_html/wp-content/uploads/2020/04/aaa-1-300x300-298x298.png"
""="/home/stylecabbie/public_html/wp-content/uploads/2020/04/94434924_2859843730749466_4364377648290332672_n-300x300-298x298.jpg"
""="/home/stylecabbie/public_html/wp-content/uploads/2020/04/94434924_2859843730749466_4364377648290332672_n-300x300-298x298.jpg"
""="/home/stylecabbie/public_html/wp-content/uploads/2020/04/95040785_2859843390749500_1638952523651874816_n-300x300-298x298.jpg"
""="/home/stylecabbie/public_html/wp-content/uploads/2020/04/95040785_2859843390749500_1638952523651874816_n-300x300-298x298.jpg"
""="/home/stylecabbie/public_html/wp-content/uploads/2020/04/94610503_2859843904082782_8128724476721364992_n-300x300-298x298.jpg"
""="/home/stylecabbie/public_html/wp-content/uploads/2020/04/94610503_2859843904082782_8128724476721364992_n-300x300-298x298.jpg"
""="/home/stylecabbie/public_html/wp-content/uploads/2020/04/93865595_2859844017416104_2622087193589448704_n-300x300-298x298.jpg"
""="/home/stylecabbie/public_html/wp-content/uploads/2020/04/93865595_2859844017416104_2622087193589448704_n-300x300-298x298.jpg"
""="/home/stylecabbie/public_html/wp-content/uploads/2020/03/94030340_2859863407414165_5787511423982632960_n-300x300-298x298.jpg"
""="/home/stylecabbie/public_html/wp-content/uploads/2020/03/94030340_2859863407414165_5787511423982632960_n-300x300-298x298.jpg"
""="/home/stylecabbie/public_html/wp-content/uploads/2020/04/94559451_2859863124080860_1107453310069112832_n-300x300-298x298.jpg"
""="/home/stylecabbie/public_html/wp-content/uploads/2020/04/94559451_2859863124080860_1107453310069112832_n-300x300-298x298.jpg"
""="/home/stylecabbie/public_html/wp-content/uploads/2020/04/94369499_2859864260747413_5015614434052145152_n-300x300-298x298.jpg"
""="/home/stylecabbie/public_html/wp-content/uploads/2020/04/94369499_2859864260747413_5015614434052145152_n-300x300-298x298.jpg"
""="/home/stylecabbie/public_html/wp-content/uploads/2020/04/94376357_2859862870747552_8141357405763010560_n-300x300-298x298.jpg"
""="/home/stylecabbie/public_html/wp-content/uploads/2020/04/94376357_2859862870747552_8141357405763010560_n-300x300-298x298.jpg"
""="/home/stylecabbie/public_html/wp-content/uploads/2020/04/93856323_2859863077414198_3294683684937924608_n-300x300-298x298.jpg"
""="/home/stylecabbie/public_html/wp-content/uploads/2020/04/93856323_2859863077414198_3294683684937924608_n-300x300-298x298.jpg"
""="/home/stylecabbie/public_html/wp-content/uploads/2020/04/94377478_2859864414080731_814427869219389440_n-300x300-298x298.jpg"
""="/home/stylecabbie/public_html/wp-content/uploads/2020/04/94377478_2859864414080731_814427869219389440_n-300x300-298x298.jpg"
""="/home/stylecabbie/public_html/wp-content/uploads/2020/04/93869011_2859862877414218_1870694755487186944_n-300x300-298x298.jpg"
""="/home/stylecabbie/public_html/wp-content/uploads/2020/04/93869011_2859862877414218_1870694755487186944_n-300x300-298x298.jpg"
""="/home/stylecabbie/public_html/wp-content/uploads/2020/04/94393195_2859862864080886_8129234856275083264_n-1-300x300-298x298.jpg"
""="/home/stylecabbie/public_html/wp-content/uploads/2020/04/94393195_2859862864080886_8129234856275083264_n-1-300x300-298x298.jpg"
""="/home/stylecabbie/public_html/wp-content/uploads/2020/03/94516080_2859915230742316_3326206490032734208_n-300x300-298x298.jpg"
""="/home/stylecabbie/public_html/wp-content/uploads/2020/03/94516080_2859915230742316_3326206490032734208_n-300x300-298x298.jpg"
""="/home/stylecabbie/public_html/wp-content/uploads/2020/03/94716862_2859915370742302_5455545941316599808_n-300x300-298x298.jpg"
""="/home/stylecabbie/public_html/wp-content/uploads/2020/03/94716862_2859915370742302_5455545941316599808_n-300x300-298x298.jpg"
""="/home/stylecabbie/public_html/wp-content/uploads/2020/03/94692075_2859915500742289_7022444371328892928_n-300x300-298x298.jpg"
""="/home/stylecabbie/public_html/wp-content/uploads/2020/03/94692075_2859915500742289_7022444371328892928_n-300x300-298x298.jpg"
""="/home/stylecabbie/public_html/wp-content/uploads/2020/03/94579135_2859915620742277_8876410942162731008_n-300x300-298x298.jpg"
""="/home/stylecabbie/public_html/wp-content/uploads/2020/03/94579135_2859915620742277_8876410942162731008_n-300x300-298x298.jpg"
""="/home/stylecabbie/public_html/wp-content/uploads/2020/03/94337102_2859912357409270_6065153859641147392_n-300x300-298x298.jpg"
""="/home/stylecabbie/public_html/wp-content/uploads/2020/03/94337102_2859912357409270_6065153859641147392_n-300x300-298x298.jpg"
""="/home/stylecabbie/public_html/wp-content/uploads/2020/03/94615638_2859915647408941_7600155818108911616_n-300x300-298x298.jpg"
""="/home/stylecabbie/public_html/wp-content/uploads/2020/03/94592318_2859912364075936_5589871855247818752_n-300x300-298x298.jpg"
""="/home/stylecabbie/public_html/wp-content/uploads/2020/03/94592318_2859912364075936_5589871855247818752_n-300x300-298x298.jpg"
""="/home/stylecabbie/public_html/wp-content/uploads/2020/03/94478693_2859912207409285_2357488655213264896_n-300x300-298x298.jpg"
""="/home/stylecabbie/public_html/wp-content/uploads/2020/03/94478693_2859912207409285_2357488655213264896_n-300x300-298x298.jpg"
""="/home/stylecabbie/public_html/wp-content/uploads/2020/03/94517424_2859945554072617_7088395973570854912_n-300x300-298x298.jpg"
""="/home/stylecabbie/public_html/wp-content/uploads/2020/03/94517424_2859945554072617_7088395973570854912_n-300x300-298x298.jpg"
""="/home/stylecabbie/public_html/wp-content/uploads/2020/03/94332386_2859946587405847_4831311352951734272_n-300x300-298x298.jpg"
""="/home/stylecabbie/public_html/wp-content/uploads/2020/03/94332386_2859946587405847_4831311352951734272_n-300x300-298x298.jpg"
""="/home/stylecabbie/public_html/wp-content/uploads/2020/03/95019096_2859945557405950_6629295146796056576_n-300x300-298x298.jpg"
""="/home/stylecabbie/public_html/wp-content/uploads/2020/03/95019096_2859945557405950_6629295146796056576_n-300x300-298x298.jpg"
""="/home/stylecabbie/public_html/wp-content/uploads/2020/03/94267772_2859945414072631_2511328001434583040_n-300x300-298x298.jpg"
""="/home/stylecabbie/public_html/wp-content/uploads/2020/03/94267772_2859945414072631_2511328001434583040_n-300x300-298x298.jpg"
""="/home/stylecabbie/public_html/wp-content/uploads/2020/03/94144117_2859945567405949_3780150787661889536_n-300x300-298x298.jpg"
""="/home/stylecabbie/public_html/wp-content/uploads/2020/03/94144117_2859945567405949_3780150787661889536_n-300x300-298x298.jpg"
""="/home/stylecabbie/public_html/wp-content/uploads/2020/03/94517189_2859946544072518_4635038296781619200_n-300x300-298x298.jpg"
""="/home/stylecabbie/public_html/wp-content/uploads/2020/03/94517189_2859946544072518_4635038296781619200_n-300x300-298x298.jpg"
""="/home/stylecabbie/public_html/wp-content/uploads/2020/03/94419465_2859945670739272_3346348714124902400_n-300x300-298x298.jpg"
""="/home/stylecabbie/public_html/wp-content/uploads/2020/03/94419465_2859945670739272_3346348714124902400_n-300x300-298x298.jpg"
""="/home/stylecabbie/public_html/wp-content/uploads/2020/03/94582061_2859967014070471_570583226997800960_n-300x300-298x298.jpg"
""="/home/stylecabbie/public_html/wp-content/uploads/2020/03/94582061_2859967014070471_570583226997800960_n-300x300-298x298.jpg"
""="/home/stylecabbie/public_html/wp-content/uploads/2020/03/94490200_2859967010737138_6572135617486913536_n-300x300-298x298.jpg"
""="/home/stylecabbie/public_html/wp-content/uploads/2020/03/94490200_2859967010737138_6572135617486913536_n-300x300-298x298.jpg"
""="/home/stylecabbie/public_html/wp-content/uploads/2020/03/95000407_2859967110737128_6714328103323172864_n-300x300-298x298.jpg"
""="/home/stylecabbie/public_html/wp-content/uploads/2020/03/95000407_2859967110737128_6714328103323172864_n-300x300-298x298.jpg"
""="/home/stylecabbie/public_html/wp-content/uploads/2020/03/94423657_2859967007403805_3572241565575282688_n-300x300-298x298.jpg"
""="/home/stylecabbie/public_html/wp-content/uploads/2020/03/94423657_2859967007403805_3572241565575282688_n-300x300-298x298.jpg"
""="/home/stylecabbie/public_html/wp-content/uploads/2020/03/95185993_2859967130737126_6922503359979061248_n-300x300-298x298.jpg"
""="/home/stylecabbie/public_html/wp-content/uploads/2020/03/95185993_2859967130737126_6922503359979061248_n-300x300-298x298.jpg"
""="/home/stylecabbie/public_html/wp-content/uploads/2020/03/94427286_2859967140737125_8010842412018565120_n-300x300-298x298.jpg"
""="/home/stylecabbie/public_html/wp-content/uploads/2020/03/94427286_2859967140737125_8010842412018565120_n-300x300-298x298.jpg"
""="/home/stylecabbie/public_html/wp-content/uploads/2020/03/heart-Key-Chain-247x300-1-300x300-298x298.jpg"
""="/home/stylecabbie/public_html/wp-content/uploads/2020/03/heart-Key-Chain-247x300-1-300x300-298x298.jpg"
""="/home/stylecabbie/public_html/wp-content/uploads/2020/03/61N9j1YP9bL._SY355_-300x300-298x298.jpg"
""="/home/stylecabbie/public_html/wp-content/uploads/2020/03/61N9j1YP9bL._SY355_-300x300-298x298.jpg"
""="/home/stylecabbie/public_html/wp-content/uploads/2020/03/f8ef184c5ab9d5eb2559f2ef547dc94b-300x300-298x298.jpg"
""="/home/stylecabbie/public_html/wp-content/uploads/2020/03/f8ef184c5ab9d5eb2559f2ef547dc94b-300x300-298x298.jpg"
""="/home/stylecabbie/public_html/wp-content/uploads/2020/03/vintage_emerson_inspirational_leadership_quote_key_ring-r6811b31e219845f4bafd73eb9cc91ff7_x7j3z_8byvr_307-300x300-298x298.jpg"
""="/home/stylecabbie/public_html/wp-content/uploads/2020/03/vintage_emerson_inspirational_leadership_quote_key_ring-r6811b31e219845f4bafd73eb9cc91ff7_x7j3z_8byvr_307-300x300-298x298.jpg"
""="/home/stylecabbie/public_html/wp-content/uploads/2020/03/s-l300-300x300-298x298.jpg"
""="/home/stylecabbie/public_html/wp-content/uploads/2020/03/s-l300-300x300-298x298.jpg"
""="/home/stylecabbie/public_html/wp-content/uploads/2020/03/super-hero-key-chain-500x500-1-300x300-298x298.png"
""="/home/stylecabbie/public_html/wp-content/uploads/2020/03/super-hero-key-chain-500x500-1-300x300-298x298.png"
""="/home/stylecabbie/public_html/wp-content/uploads/2020/03/key-holder-funky-bear-bones-300x300-298x298.jpg"
""="/home/stylecabbie/public_html/wp-content/uploads/2020/03/key-holder-funky-bear-bones-300x300-298x298.jpg"
""="/home/stylecabbie/public_html/wp-content/uploads/2020/03/ANV-640x400-1-300x300-298x298.jpg"
""="/home/stylecabbie/public_html/wp-content/uploads/2020/03/ANV-640x400-1-300x300-298x298.jpg"
""="/home/stylecabbie/public_html/wp-content/uploads/2020/03/Small-Size-Platess-247x300-1-300x300-298x298.jpg"
""="/home/stylecabbie/public_html/wp-content/uploads/2020/03/White-640x400-1-300x300-298x298.jpg"
""="/home/stylecabbie/public_html/wp-content/uploads/2020/03/Cushion-Cover-300x300-298x298.jpg"
""="/home/stylecabbie/public_html/wp-content/uploads/2020/03/Cushion-Cover-300x300-298x298.jpg"
""="/home/stylecabbie/public_html/wp-content/uploads/2020/03/9pic-247x300-1-300x300-298x298.jpg"
""="/home/stylecabbie/public_html/wp-content/uploads/2020/03/9pic-247x300-1-300x300-298x298.jpg"
""="/home/stylecabbie/public_html/wp-content/uploads/2020/03/3-1-247x300-1-300x300-298x298.jpg"
""="/home/stylecabbie/public_html/wp-content/uploads/2020/03/3-1-247x300-1-300x300-298x298.jpg"
""="/home/stylecabbie/public_html/wp-content/uploads/2020/03/Birthday-2-247x300-1-300x300-298x298.jpg"
""="/home/stylecabbie/public_html/wp-content/uploads/2020/03/Birthday-2-247x300-1-300x300-298x298.jpg"
""="/home/stylecabbie/public_html/wp-content/plugins/a3-lazy-load/assets/images/lazy_placeholder-200x200.gif"
""="/home/stylecabbie/public_html/wp-content/uploads/2020/03/stylecabbie-logo_5-200x44.png"
""="/home/stylecabbie/public_html/wp-content/uploads/2020/03/Logo_paykun-360x101.png"
""="/home/stylecabbie/public_html/wp-content/uploads/2020/03/Logo_paykun-360x101.png"
""="/home/stylecabbie/public_html/wp-content/uploads/2020/03/Logo_paykun-320x90.png"
""="/home/stylecabbie/public_html/wp-content/uploads/2020/03/Logo_paykun-320x90.png"
""="/home/stylecabbie/public_html/wp-content/uploads/2020/03/Logo_paykun-298x84.png"
""="/home/stylecabbie/public_html/wp-content/uploads/2020/03/Logo_paykun-298x84.png"
"/home/stylecabbie/public_html/wp-content/plugins/yith-woocommerce-wishlist/assets/images/jquery.selectBox-arrow.gif"="/home/stylecabbie/public_html/wp-content/plugins/yith-woocommerce-wishlist/assets/images/jquery.selectBox-arrow.gif.orig"
"/home/stylecabbie/public_html/wp-content/plugins/yith-woocommerce-wishlist/assets/images/jquery.selectBox-arrow.png"="/home/stylecabbie/public_html/wp-content/plugins/yith-woocommerce-wishlist/assets/images/jquery.selectBox-arrow.png.orig"
"/home/stylecabbie/public_html/wp-content/plugins/contact-form-7/images/ajax-loader.gif"="/home/stylecabbie/public_html/wp-content/plugins/contact-form-7/images/ajax-loader.gif.orig"
"/home/stylecabbie/public_html/wp-content/plugins/revslider/public/assets/assets/gridtile.png"="/home/stylecabbie/public_html/wp-content/plugins/revslider/public/assets/assets/gridtile.png.orig"
"/home/stylecabbie/public_html/wp-content/plugins/revslider/public/assets/assets/gridtile_white.png"="/home/stylecabbie/public_html/wp-content/plugins/revslider/public/assets/assets/gridtile_white.png.orig"
"/home/stylecabbie/public_html/wp-content/plugins/revslider/public/assets/assets/gridtile_3x3.png"="/home/stylecabbie/public_html/wp-content/plugins/revslider/public/assets/assets/gridtile_3x3.png.orig"
"/home/stylecabbie/public_html/wp-content/plugins/revslider/public/assets/assets/gridtile_3x3_white.png"="/home/stylecabbie/public_html/wp-content/plugins/revslider/public/assets/assets/gridtile_3x3_white.png.orig"
"/home/stylecabbie/public_html/wp-content/plugins/revslider/public/assets/assets/coloredbg.png"="/home/stylecabbie/public_html/wp-content/plugins/revslider/public/assets/assets/coloredbg.png.orig"
"/home/stylecabbie/public_html/wp-content/plugins/revslider/public/assets/assets/loader.gif"="/home/stylecabbie/public_html/wp-content/plugins/revslider/public/assets/assets/loader.gif.orig"
"/home/stylecabbie/public_html/wp-content/uploads/2020/04/71ZgDOTLeiL._UL1500_.jpg"="/home/stylecabbie/public_html/wp-content/uploads/2020/04/71ZgDOTLeiL._UL1500_.jpg.orig"
"/home/stylecabbie/public_html/wp-content/uploads/2020/04/de5a1e02-d817-40f3-8db9-695befc46c2f1576473716354-UF-Women-Maroon-Printed-Maxi-Dress-7821576473714711-1.jpg"="/home/stylecabbie/public_html/wp-content/uploads/2020/04/de5a1e02-d817-40f3-8db9-695befc46c2f1576473716354-UF-Women-Maroon-Printed-Maxi-Dress-7821576473714711-1.jpg.orig"
"/home/stylecabbie/public_html/wp-content/uploads/2020/03/94516080_2859915230742316_3326206490032734208_n.jpg"="/home/stylecabbie/public_html/wp-content/uploads/2020/03/94516080_2859915230742316_3326206490032734208_n.jpg.orig"
"/home/stylecabbie/public_html/wp-content/uploads/2020/03/94582061_2859967014070471_570583226997800960_n.jpg"="/home/stylecabbie/public_html/wp-content/uploads/2020/03/94582061_2859967014070471_570583226997800960_n.jpg.orig"
"/home/stylecabbie/public_html/wp-content/uploads/2020/03/super-hero-key-chain-500x500-1.png"="/home/stylecabbie/public_html/wp-content/uploads/2020/03/super-hero-key-chain-500x500-1.png.orig"
"/home/stylecabbie/public_html/wp-content/uploads/2020/03/3-1-247x300-1.jpg"="/home/stylecabbie/public_html/wp-content/uploads/2020/03/3-1-247x300-1.jpg.orig"
"/home/stylecabbie/public_html/wp-content/plugins/a3-lazy-load/assets/css/loading.gif"="/home/stylecabbie/public_html/wp-content/plugins/a3-lazy-load/assets/css/loading.gif.orig"
"/home/stylecabbie/public_html/wp-content/themes/marketo/assets/images/arrow.png"="/home/stylecabbie/public_html/wp-content/themes/marketo/assets/images/arrow.png.orig"
"/home/stylecabbie/public_html/wp-content/themes/marketo/assets/images/arrow-2.png"="/home/stylecabbie/public_html/wp-content/themes/marketo/assets/images/arrow-2.png.orig"
"/home/stylecabbie/public_html/wp-content/themes/marketo/assets/images/welcome/curve.png"="/home/stylecabbie/public_html/wp-content/themes/marketo/assets/images/welcome/curve.png.orig"
"/home/stylecabbie/public_html/wp-content/themes/marketo/assets/images/curve-small.png"="/home/stylecabbie/public_html/wp-content/themes/marketo/assets/images/curve-small.png.orig"
"/home/stylecabbie/public_html/wp-content/themes/marketo/assets/images/curve.png"="/home/stylecabbie/public_html/wp-content/themes/marketo/assets/images/curve.png.orig"
"/home/stylecabbie/public_html/wp-content/themes/marketo/assets/images/search-icon.png"="/home/stylecabbie/public_html/wp-content/themes/marketo/assets/images/search-icon.png.orig"
"/home/stylecabbie/public_html/wp-content/themes/marketo/assets/images/ajax-loader.gif"="/home/stylecabbie/public_html/wp-content/themes/marketo/assets/images/ajax-loader.gif.orig"
"/home/stylecabbie/public_html/wp-content/themes/marketo/assets/images/circle.png"="/home/stylecabbie/public_html/wp-content/themes/marketo/assets/images/circle.png.orig"
"/home/stylecabbie/public_html/wp-content/plugins/woo-variation-gallery/images/slick-carousel/slick/ajax-loader.gif"="/home/stylecabbie/public_html/wp-content/plugins/woo-variation-gallery/images/slick-carousel/slick/ajax-loader.gif.orig"
"/home/stylecabbie/public_html/wp-content/plugins/woo-variation-gallery/images/ajax-loader.gif"="/home/stylecabbie/public_html/wp-content/plugins/woo-variation-gallery/images/ajax-loader.gif.orig"
"/home/stylecabbie/public_html/wp-content/plugins/woo-variation-gallery/images/video-play.png"="/home/stylecabbie/public_html/wp-content/plugins/woo-variation-gallery/images/video-play.png.orig"
"/home/stylecabbie/public_html/wp-content/plugins/elementskit-lite/widgets/init/assets/img/ajax-loader.gif"="/home/stylecabbie/public_html/wp-content/plugins/elementskit-lite/widgets/init/assets/img/ajax-loader.gif.orig"
"/home/stylecabbie/public_html/wp-content/plugins/elementskit-lite/widgets/init/assets/img/arrow.png"="/home/stylecabbie/public_html/wp-content/plugins/elementskit-lite/widgets/init/assets/img/arrow.png.orig"
"/home/stylecabbie/public_html/wp-content/plugins/elementskit-lite/widgets/init/assets/img/sort_asc.png"="/home/stylecabbie/public_html/wp-content/plugins/elementskit-lite/widgets/init/assets/img/sort_asc.png.orig"
"/home/stylecabbie/public_html/wp-content/plugins/elementskit-lite/widgets/init/assets/img/sort_desc.png"="/home/stylecabbie/public_html/wp-content/plugins/elementskit-lite/widgets/init/assets/img/sort_desc.png.orig"
"/home/stylecabbie/public_html/wp-content/plugins/elementskit-lite/widgets/init/assets/img/sort_asc_disabled.png"="/home/stylecabbie/public_html/wp-content/plugins/elementskit-lite/widgets/init/assets/img/sort_asc_disabled.png.orig"
"/home/stylecabbie/public_html/wp-content/themes/marketo/assets/images/image_loader.gif"="/home/stylecabbie/public_html/wp-content/themes/marketo/assets/images/image_loader.gif.orig"
"/home/stylecabbie/public_html/wp-content/plugins/woocommerce/assets/css/photoswipe/default-skin/default-skin.png"="/home/stylecabbie/public_html/wp-content/plugins/woocommerce/assets/css/photoswipe/default-skin/default-skin.png.orig"
"/home/stylecabbie/public_html/wp-content/plugins/woocommerce/assets/css/photoswipe/default-skin/preloader.gif"="/home/stylecabbie/public_html/wp-content/plugins/woocommerce/assets/css/photoswipe/default-skin/preloader.gif.orig"
